PRT1
161
325
4 0 4 (3072 1024 -32 ) (3072 1024 2048 ) (2560 1024 2048 ) (2560 1024 -32 ) 
4 0 2 (2560 1024 8 ) (2560 1024 2048 ) (2560 1536 2048 ) (2560 1536 8 ) 
4 0 1 (2560 2048 -32 ) (2560 1536 -32 ) (2560 1536 2048 ) (2560 2048 2048 ) 
4 1 2 (2304 1536 2048 ) (2304 1536 8 ) (2560 1536 8 ) (2560 1536 2048 ) 
4 1 3 (2304 2048 -32 ) (2304 1536 -32 ) (2304 1536 2048 ) (2304 2048 2048 ) 
4 2 5 (2560 1024 2048 ) (2304 1024 2048 ) (2304 1024 8 ) (2560 1024 8 ) 
4 2 3 (2304 1024 8 ) (2304 1024 2048 ) (2304 1536 2048 ) (2304 1536 8 ) 
4 3 7 (2048 1024 -32 ) (2048 1024 2048 ) (2048 2048 2048 ) (2048 2048 -32 ) 
4 3 6 (2304 1024 2048 ) (2048 1024 2048 ) (2048 1024 -32 ) (2304 1024 -32 ) 
4 4 57 (3072 0 -32 ) (3072 0 2048 ) (2560 0 2048 ) (2560 0 -32 ) 
4 4 5 (2560 0 8 ) (2560 0 2048 ) (2560 1024 2048 ) (2560 1024 8 ) 
4 5 58 (2560 0 2048 ) (2304 0 2048 ) (2304 0 8 ) (2560 0 8 ) 
4 5 6 (2304 0 8 ) (2304 0 2048 ) (2304 1024 2048 ) (2304 1024 8 ) 
4 6 59 (2304 0 2048 ) (2048 0 2048 ) (2048 0 -32 ) (2304 0 -32 ) 
4 6 9 (2048 0 -32 ) (2048 0 2048 ) (2048 1024 2048 ) (2048 1024 -32 ) 
4 7 9 (2048 1024 -32 ) (2048 1024 2048 ) (1024 1024 2048 ) (1024 1024 -32 ) 
4 7 8 (1024 1024 -32 ) (1024 1024 2048 ) (1024 2048 2048 ) (1024 2048 -32 ) 
4 8 90 (0 1024 -32 ) (0 1024 2048 ) (0 2048 2048 ) (0 2048 -32 ) 
4 8 10 (1024 1024 -32 ) (1024 1024 2048 ) (0 1024 2048 ) (0 1024 -32 ) 
4 9 64 (2048 0 -32 ) (2048 0 2048 ) (1024 0 2048 ) (1024 0 -32 ) 
4 9 11 (1024 512 -32 ) (1024 0 -32 ) (1024 0 2048 ) (1024 512 2048 ) 
4 9 10 (1024 1024 2048 ) (1024 1024 -32 ) (1024 512 -32 ) (1024 512 2048 ) 
4 10 92 (0 512 -32 ) (0 512 2048 ) (0 1024 2048 ) (0 1024 -32 ) 
4 10 56 (0 512 0 ) (0 512 -32 ) (256 512 -32 ) (256 512 0 ) 
4 10 45 (256 512 2048 ) (0 512 2048 ) (0 512 1336 ) (256 512 1336 ) 
4 10 44 (256 512 0 ) (256 512 -32 ) (384 512 -32 ) (384 512 0 ) 
4 10 24 (384 512 2048 ) (256 512 2048 ) (256 512 1336 ) (384 512 1336 ) 
4 10 23 (384 512 0 ) (384 512 -32 ) (512 512 -32 ) (512 512 0 ) 
4 10 12 (512 512 2048 ) (384 512 2048 ) (384 512 1336 ) (512 512 1336 ) 
4 10 11 (1024 512 -32 ) (1024 512 2048 ) (512 512 2048 ) (512 512 -32 ) 
4 11 65 (1024 0 -32 ) (1024 0 2048 ) (512 0 2048 ) (512 0 -32 ) 
4 11 23 (512 512 0 ) (512 512 -32 ) (512 0 -32 ) (512 0 0 ) 
4 11 12 (512 512 2048 ) (512 512 1336 ) (512 0 1336 ) (512 0 2048 ) 
4 12 66 (512 0 1336 ) (512 0 2048 ) (384 0 2048 ) (384 0 1336 ) 
4 12 24 (384 512 2048 ) (384 512 1336 ) (384 0 1336 ) (384 0 2048 ) 
4 13 67 (496 0 1328 ) (384 0 1328 ) (384 0 1240 ) (496 0 1240 ) 
4 13 25 (384 496 1240 ) (384 0 1240 ) (384 0 1328 ) (384 496 1328 ) 
4 14 68 (496 0 1232 ) (384 0 1232 ) (384 0 1104 ) (496 0 1104 ) 
4 14 27 (384 496 1104 ) (384 0 1104 ) (384 0 1232 ) (384 496 1232 ) 
4 15 69 (496 0 1096 ) (384 0 1096 ) (384 0 968 ) (496 0 968 ) 
4 15 29 (384 496 968 ) (384 0 968 ) (384 0 1096 ) (384 496 1096 ) 
4 16 70 (496 0 960 ) (384 0 960 ) (384 0 832 ) (496 0 832 ) 
4 16 33 (384 320 832 ) (384 0 832 ) (384 0 960 ) (384 320 960 ) 
4 16 32 (384 448 832 ) (384 320 832 ) (384 320 960 ) (384 448 960 ) 
4 16 30 (384 496 832 ) (384 448 832 ) (384 448 960 ) (384 496 960 ) 
4 17 71 (496 0 824 ) (384 0 824 ) (384 0 696 ) (496 0 696 ) 
4 17 34 (384 320 696 ) (384 0 696 ) (384 0 824 ) (384 320 824 ) 
4 17 32 (384 448 696 ) (384 320 696 ) (384 320 824 ) (384 448 824 ) 
4 17 31 (384 496 696 ) (384 448 696 ) (384 448 824 ) (384 496 824 ) 
4 18 72 (496 0 688 ) (384 0 688 ) (384 0 560 ) (496 0 560 ) 
4 18 35 (384 496 560 ) (384 0 560 ) (384 0 688 ) (384 496 688 ) 
4 19 73 (496 0 552 ) (384 0 552 ) (384 0 424 ) (496 0 424 ) 
4 19 37 (384 496 424 ) (384 0 424 ) (384 0 552 ) (384 496 552 ) 
4 20 74 (496 0 416 ) (384 0 416 ) (384 0 288 ) (496 0 288 ) 
4 20 39 (384 496 288 ) (384 0 288 ) (384 0 416 ) (384 496 416 ) 
4 21 75 (496 0 280 ) (384 0 280 ) (384 0 152 ) (496 0 152 ) 
4 21 41 (384 496 152 ) (384 0 152 ) (384 0 280 ) (384 496 280 ) 
4 22 76 (496 0 144 ) (384 0 144 ) (384 0 16 ) (496 0 16 ) 
4 22 43 (384 496 16 ) (384 0 16 ) (384 0 144 ) (384 496 144 ) 
4 23 78 (512 0 -32 ) (512 0 0 ) (384 0 0 ) (384 0 -32 ) 
4 23 44 (384 512 0 ) (384 512 -32 ) (384 0 -32 ) (384 0 0 ) 
4 24 66 (384 0 1336 ) (384 0 2048 ) (256 0 2048 ) (256 0 1336 ) 
4 24 45 (256 512 2048 ) (256 512 1336 ) (256 0 1336 ) (256 0 2048 ) 
4 25 67 (384 0 1240 ) (384 0 1328 ) (256 0 1328 ) (256 0 1240 ) 
4 25 46 (256 496 1240 ) (256 0 1240 ) (256 0 1328 ) (256 496 1328 ) 
4 25 26 (256 320 1240 ) (256 448 1240 ) (384 448 1240 ) (384 320 1240 ) 
4 26 27 (256 320 1232 ) (256 448 1232 ) (384 448 1232 ) (384 320 1232 ) 
4 27 68 (384 0 1104 ) (384 0 1232 ) (256 0 1232 ) (256 0 1104 ) 
4 27 47 (256 496 1104 ) (256 0 1104 ) (256 0 1232 ) (256 496 1232 ) 
4 27 28 (256 320 1104 ) (256 448 1104 ) (384 448 1104 ) (384 320 1104 ) 
4 28 29 (256 320 1096 ) (256 448 1096 ) (384 448 1096 ) (384 320 1096 ) 
4 29 69 (384 0 968 ) (384 0 1096 ) (256 0 1096 ) (256 0 968 ) 
4 29 48 (256 496 968 ) (256 0 968 ) (256 0 1096 ) (256 496 1096 ) 
4 29 32 (256 320 968 ) (256 448 968 ) (384 448 968 ) (384 320 968 ) 
4 30 49 (256 496 832 ) (256 448 832 ) (256 448 960 ) (256 496 960 ) 
4 30 32 (384 448 832 ) (384 448 960 ) (256 448 960 ) (256 448 832 ) 
4 31 50 (256 496 696 ) (256 448 696 ) (256 448 824 ) (256 496 824 ) 
4 31 32 (384 448 696 ) (384 448 824 ) (256 448 824 ) (256 448 696 ) 
4 32 50 (256 320 696 ) (256 320 824 ) (256 448 824 ) (256 448 696 ) 
4 32 49 (256 320 832 ) (256 320 960 ) (256 448 960 ) (256 448 832 ) 
4 32 35 (256 320 688 ) (256 448 688 ) (384 448 688 ) (384 320 688 ) 
4 32 33 (384 320 832 ) (384 320 960 ) (256 320 960 ) (256 320 832 ) 
4 32 34 (384 320 696 ) (384 320 824 ) (256 320 824 ) (256 320 696 ) 
4 33 70 (384 0 832 ) (384 0 960 ) (256 0 960 ) (256 0 832 ) 
4 33 49 (256 0 832 ) (256 0 960 ) (256 320 960 ) (256 320 832 ) 
4 34 71 (384 0 696 ) (384 0 824 ) (256 0 824 ) (256 0 696 ) 
4 34 50 (256 0 696 ) (256 0 824 ) (256 320 824 ) (256 320 696 ) 
4 35 72 (384 0 560 ) (384 0 688 ) (256 0 688 ) (256 0 560 ) 
4 35 51 (256 496 560 ) (256 0 560 ) (256 0 688 ) (256 496 688 ) 
4 35 36 (256 320 560 ) (256 448 560 ) (384 448 560 ) (384 320 560 ) 
4 36 37 (256 320 552 ) (256 448 552 ) (384 448 552 ) (384 320 552 ) 
4 37 73 (384 0 424 ) (384 0 552 ) (256 0 552 ) (256 0 424 ) 
4 37 52 (256 496 424 ) (256 0 424 ) (256 0 552 ) (256 496 552 ) 
4 37 38 (256 320 424 ) (256 448 424 ) (384 448 424 ) (384 320 424 ) 
4 38 39 (256 320 416 ) (256 448 416 ) (384 448 416 ) (384 320 416 ) 
4 39 74 (384 0 288 ) (384 0 416 ) (256 0 416 ) (256 0 288 ) 
4 39 53 (256 496 288 ) (256 0 288 ) (256 0 416 ) (256 496 416 ) 
4 39 40 (256 320 288 ) (256 448 288 ) (384 448 288 ) (384 320 288 ) 
4 40 41 (256 320 280 ) (256 448 280 ) (384 448 280 ) (384 320 280 ) 
4 41 75 (384 0 152 ) (384 0 280 ) (256 0 280 ) (256 0 152 ) 
4 41 54 (256 496 152 ) (256 0 152 ) (256 0 280 ) (256 496 280 ) 
4 41 42 (256 320 152 ) (256 448 152 ) (384 448 152 ) (384 320 152 ) 
4 42 43 (256 320 144 ) (256 448 144 ) (384 448 144 ) (384 320 144 ) 
4 43 76 (384 0 16 ) (384 0 144 ) (256 0 144 ) (256 0 16 ) 
4 43 55 (256 496 16 ) (256 0 16 ) (256 0 144 ) (256 496 144 ) 
4 44 78 (384 0 -32 ) (384 0 0 ) (256 0 0 ) (256 0 -32 ) 
4 44 56 (256 512 0 ) (256 512 -32 ) (256 0 -32 ) (256 0 0 ) 
4 45 102 (0 0 1336 ) (0 0 1464 ) (0 512 1464 ) (0 512 1336 ) 
4 45 94 (0 0 1464 ) (0 0 1536 ) (0 512 1536 ) (0 512 1464 ) 
4 45 93 (0 0 1536 ) (0 0 2048 ) (0 512 2048 ) (0 512 1536 ) 
4 45 66 (256 0 1336 ) (256 0 2048 ) (0 0 2048 ) (0 0 1336 ) 
4 46 111 (0 0 1240 ) (0 0 1328 ) (0 496 1328 ) (0 496 1240 ) 
4 46 67 (256 0 1240 ) (256 0 1328 ) (0 0 1328 ) (0 0 1240 ) 
4 47 112 (0 0 1104 ) (0 0 1232 ) (0 496 1232 ) (0 496 1104 ) 
4 47 68 (256 0 1104 ) (256 0 1232 ) (0 0 1232 ) (0 0 1104 ) 
4 48 113 (0 0 968 ) (0 0 1096 ) (0 496 1096 ) (0 496 968 ) 
4 48 69 (256 0 968 ) (256 0 1096 ) (0 0 1096 ) (0 0 968 ) 
4 49 114 (0 0 832 ) (0 0 960 ) (0 496 960 ) (0 496 832 ) 
4 49 70 (256 0 832 ) (256 0 960 ) (0 0 960 ) (0 0 832 ) 
4 50 115 (0 0 696 ) (0 0 824 ) (0 496 824 ) (0 496 696 ) 
4 50 71 (256 0 696 ) (256 0 824 ) (0 0 824 ) (0 0 696 ) 
4 51 116 (0 0 560 ) (0 0 688 ) (0 496 688 ) (0 496 560 ) 
4 51 72 (256 0 560 ) (256 0 688 ) (0 0 688 ) (0 0 560 ) 
4 52 117 (0 0 424 ) (0 0 552 ) (0 496 552 ) (0 496 424 ) 
4 52 73 (256 0 424 ) (256 0 552 ) (0 0 552 ) (0 0 424 ) 
4 53 118 (0 0 288 ) (0 0 416 ) (0 496 416 ) (0 496 288 ) 
4 53 74 (256 0 288 ) (256 0 416 ) (0 0 416 ) (0 0 288 ) 
4 54 119 (0 0 152 ) (0 0 280 ) (0 496 280 ) (0 496 152 ) 
4 54 75 (256 0 152 ) (256 0 280 ) (0 0 280 ) (0 0 152 ) 
4 55 120 (0 0 16 ) (0 0 144 ) (0 496 144 ) (0 496 16 ) 
4 55 76 (256 0 16 ) (256 0 144 ) (0 0 144 ) (0 0 16 ) 
4 56 121 (0 0 -32 ) (0 0 0 ) (0 512 0 ) (0 512 -32 ) 
4 56 78 (256 0 -32 ) (256 0 0 ) (0 0 0 ) (0 0 -32 ) 
4 57 61 (3072 -1024 -32 ) (3072 -1024 8 ) (2560 -1024 8 ) (2560 -1024 -32 ) 
4 57 60 (3072 -1024 8 ) (3072 -1024 2048 ) (2560 -1024 2048 ) (2560 -1024 8 ) 
4 57 58 (2560 -1024 8 ) (2560 -1024 2048 ) (2560 0 2048 ) (2560 0 8 ) 
4 58 60 (2560 -1024 2048 ) (2304 -1024 2048 ) (2304 -1024 8 ) (2560 -1024 8 ) 
4 58 59 (2304 -1024 8 ) (2304 -1024 2048 ) (2304 0 2048 ) (2304 0 8 ) 
4 59 64 (2048 0 2048 ) (2048 0 -32 ) (2048 -1024 -32 ) (2048 -1024 2048 ) 
4 59 60 (2304 -1024 2048 ) (2048 -1024 2048 ) (2048 -1024 8 ) (2304 -1024 8 ) 
4 60 84 (3072 -2048 8 ) (3072 -2048 2048 ) (2048 -2048 2048 ) (2048 -2048 8 ) 
4 60 80 (2048 -1280 2048 ) (2048 -1024 2048 ) (2048 -1024 8 ) (2048 -1280 8 ) 
4 60 81 (2048 -2048 8 ) (2048 -2048 2048 ) (2048 -1280 2048 ) (2048 -1280 8 ) 
4 60 63 (2304 -2048 8 ) (2048 -2048 8 ) (2048 -1280 8 ) (2304 -1280 8 ) 
4 60 62 (2560 -2048 8 ) (2304 -2048 8 ) (2304 -1280 8 ) (2560 -1280 8 ) 
4 60 61 (3072 -1024 8 ) (3072 -2048 8 ) (2560 -2048 8 ) (2560 -1024 8 ) 
4 61 84 (3072 -2048 -32 ) (3072 -2048 8 ) (2560 -2048 8 ) (2560 -2048 -32 ) 
4 61 62 (2560 -1280 -32 ) (2560 -2048 -32 ) (2560 -2048 8 ) (2560 -1280 8 ) 
4 62 84 (2560 -2048 8 ) (2304 -2048 8 ) (2304 -2048 -32 ) (2560 -2048 -32 ) 
4 62 63 (2304 -1280 -32 ) (2304 -2048 -32 ) (2304 -2048 8 ) (2304 -1280 8 ) 
4 63 84 (2304 -2048 8 ) (2048 -2048 8 ) (2048 -2048 -32 ) (2304 -2048 -32 ) 
4 63 81 (2048 -2048 -32 ) (2048 -2048 8 ) (2048 -1280 8 ) (2048 -1280 -32 ) 
4 64 80 (2048 -1024 8 ) (2048 -1024 2048 ) (1024 -1024 2048 ) (1024 -1024 8 ) 
4 64 79 (1024 -512 -32 ) (1024 -1024 -32 ) (1024 -1024 2048 ) (1024 -512 2048 ) 
4 64 65 (1024 0 2048 ) (1024 0 -32 ) (1024 -512 -32 ) (1024 -512 2048 ) 
4 65 79 (1024 -512 -32 ) (1024 -512 2048 ) (512 -512 2048 ) (512 -512 -32 ) 
4 65 78 (512 0 0 ) (512 0 -32 ) (512 -512 -32 ) (512 -512 0 ) 
4 65 66 (512 0 2048 ) (512 0 1336 ) (512 -512 1336 ) (512 -512 2048 ) 
4 66 126 (0 -512 1336 ) (0 -512 2048 ) (0 0 2048 ) (0 0 1336 ) 
4 66 79 (512 -512 1336 ) (512 -512 2048 ) (0 -512 2048 ) (0 -512 1336 ) 
4 67 127 (0 -496 1328 ) (0 0 1328 ) (0 0 1240 ) (0 -496 1240 ) 
4 68 128 (0 -496 1232 ) (0 0 1232 ) (0 0 1104 ) (0 -496 1104 ) 
4 69 129 (0 -496 1096 ) (0 0 1096 ) (0 0 968 ) (0 -496 968 ) 
4 70 130 (0 -496 960 ) (0 0 960 ) (0 0 832 ) (0 -496 832 ) 
4 71 131 (0 -496 824 ) (0 0 824 ) (0 0 696 ) (0 -496 696 ) 
4 72 132 (0 -496 688 ) (0 0 688 ) (0 0 560 ) (0 -496 560 ) 
4 73 133 (0 -496 552 ) (0 0 552 ) (0 0 424 ) (0 -496 424 ) 
4 74 134 (0 -496 416 ) (0 0 416 ) (0 0 288 ) (0 -496 288 ) 
4 75 135 (0 -496 280 ) (0 0 280 ) (0 0 152 ) (0 -496 152 ) 
4 76 136 (0 -496 144 ) (0 0 144 ) (0 0 16 ) (0 -496 16 ) 
4 76 77 (0 -496 16 ) (64 -496 16 ) (64 -496 144 ) (0 -496 144 ) 
4 77 137 (0 -512 16 ) (0 -512 144 ) (0 -496 144 ) (0 -496 16 ) 
4 77 79 (64 -512 144 ) (0 -512 144 ) (0 -512 16 ) (64 -512 16 ) 
4 78 138 (0 -512 -32 ) (0 -512 0 ) (0 0 0 ) (0 0 -32 ) 
4 78 79 (512 -512 -32 ) (512 -512 0 ) (0 -512 0 ) (0 -512 -32 ) 
4 79 139 (0 -1024 -32 ) (0 -1024 2048 ) (0 -512 2048 ) (0 -512 -32 ) 
4 79 82 (1024 -1024 8 ) (1024 -1024 2048 ) (0 -1024 2048 ) (0 -1024 8 ) 
4 80 82 (1024 -1024 2048 ) (1024 -1024 8 ) (1024 -1280 8 ) (1024 -1280 2048 ) 
4 80 81 (2048 -1280 8 ) (2048 -1280 2048 ) (1024 -1280 2048 ) (1024 -1280 8 ) 
4 81 85 (2048 -2048 -32 ) (2048 -2048 2048 ) (1024 -2048 2048 ) (1024 -2048 -32 ) 
4 81 83 (1024 -1280 -32 ) (1024 -2048 -32 ) (1024 -2048 2048 ) (1024 -1280 2048 ) 
4 82 142 (0 -1280 2048 ) (0 -1024 2048 ) (0 -1024 8 ) (0 -1280 8 ) 
4 82 83 (1024 -1280 8 ) (1024 -1280 2048 ) (0 -1280 2048 ) (0 -1280 8 ) 
4 83 143 (0 -2048 -32 ) (0 -2048 2048 ) (0 -1280 2048 ) (0 -1280 -32 ) 
4 83 86 (0 -2048 2048 ) (0 -2048 -32 ) (1024 -2048 -32 ) (1024 -2048 2048 ) 
4 84 87 (3072 -3072 -32 ) (3072 -3072 2048 ) (2048 -3072 2048 ) (2048 -3072 -32 ) 
4 84 85 (2048 -2048 2048 ) (2048 -2048 -32 ) (2048 -3072 -32 ) (2048 -3072 2048 ) 
4 85 88 (2048 -3072 -32 ) (2048 -3072 2048 ) (1024 -3072 2048 ) (1024 -3072 -32 ) 
4 85 86 (1024 -3072 -32 ) (1024 -3072 2048 ) (1024 -2048 2048 ) (1024 -2048 -32 ) 
4 86 150 (0 -3072 -32 ) (0 -3072 2048 ) (0 -2048 2048 ) (0 -2048 -32 ) 
4 86 89 (0 -3072 2048 ) (0 -3072 -32 ) (1024 -3072 -32 ) (1024 -3072 2048 ) 
4 87 88 (2048 -3072 2048 ) (2048 -3072 -32 ) (2048 -3840 -32 ) (2048 -3840 2048 ) 
4 88 89 (1024 -3072 2048 ) (1024 -3072 -32 ) (1024 -3840 -32 ) (1024 -3840 2048 ) 
4 89 152 (0 -3840 2048 ) (0 -3072 2048 ) (0 -3072 -32 ) (0 -3840 -32 ) 
4 90 122 (-512 1024 2048 ) (-1024 1024 2048 ) (-1024 1024 -32 ) (-512 1024 -32 ) 
4 90 92 (0 1024 -32 ) (0 1024 2048 ) (-512 1024 2048 ) (-512 1024 -32 ) 
4 90 91 (-1024 2048 2048 ) (-1024 2048 -32 ) (-1024 1024 -32 ) (-1024 1024 2048 ) 
4 91 124 (-2048 1024 -32 ) (-2048 1024 2048 ) (-2048 2048 2048 ) (-2048 2048 -32 ) 
4 91 123 (-2048 1024 2048 ) (-2048 1024 -32 ) (-1024 1024 -32 ) (-1024 1024 2048 ) 
4 92 122 (-512 512 -32 ) (-512 512 2048 ) (-512 1024 2048 ) (-512 1024 -32 ) 
4 92 121 (-512 512 0 ) (-512 512 -32 ) (0 512 -32 ) (0 512 0 ) 
4 92 103 (-408 512 1336 ) (-232 512 1336 ) (-232 512 1464 ) (-408 512 1464 ) 
4 92 104 (-512 512 1464 ) (-512 512 1336 ) (-408 512 1336 ) (-408 512 1464 ) 
4 92 102 (-232 512 1336 ) (0 512 1336 ) (0 512 1464 ) (-232 512 1464 ) 
4 92 95 (-408 512 1464 ) (-232 512 1464 ) (-232 512 1536 ) (-408 512 1536 ) 
4 92 94 (-232 512 1464 ) (0 512 1464 ) (0 512 1536 ) (-232 512 1536 ) 
4 92 101 (-512 512 1536 ) (-512 512 1464 ) (-408 512 1464 ) (-408 512 1536 ) 
4 92 93 (-512 512 2048 ) (-512 512 1536 ) (0 512 1536 ) (0 512 2048 ) 
4 93 126 (0 0 1536 ) (0 0 2048 ) (-512 0 2048 ) (-512 0 1536 ) 
4 93 122 (-512 0 1536 ) (-512 0 2048 ) (-512 512 2048 ) (-512 512 1536 ) 
4 93 99 (-232 384 1536 ) (-232 256 1536 ) (-256 256 1536 ) (-256 384 1536 ) 
4 93 98 (-384 256 1536 ) (-408 256 1536 ) (-408 384 1536 ) (-384 384 1536 ) 
4 93 97 (-232 416 1536 ) (-232 384 1536 ) (-408 384 1536 ) (-408 416 1536 ) 
4 93 96 (-232 256 1536 ) (-232 224 1536 ) (-408 224 1536 ) (-408 256 1536 ) 
4 93 95 (-408 512 1536 ) (-232 512 1536 ) (-232 416 1536 ) (-408 416 1536 ) 
4 93 100 (-232 224 1536 ) (-232 0 1536 ) (-408 0 1536 ) (-408 224 1536 ) 
4 93 94 (-232 512 1536 ) (0 512 1536 ) (0 0 1536 ) (-232 0 1536 ) 
4 93 101 (-512 0 1536 ) (-512 512 1536 ) (-408 512 1536 ) (-408 0 1536 ) 
4 94 126 (0 0 1464 ) (0 0 1536 ) (-232 0 1536 ) (-232 0 1464 ) 
4 94 102 (0 0 1464 ) (-232 0 1464 ) (-232 512 1464 ) (0 512 1464 ) 
4 94 99 (-232 224 1472 ) (-232 256 1536 ) (-232 384 1536 ) (-232 416 1472 ) 
3 94 97 (-232 384 1536 ) (-232 416 1536 ) (-232 416 1472 ) 
3 94 96 (-232 224 1472 ) (-232 224 1536 ) (-232 256 1536 ) 
4 94 95 (-232 512 1464 ) (-232 416 1464 ) (-232 416 1536 ) (-232 512 1536 ) 
4 94 100 (-232 224 1464 ) (-232 0 1464 ) (-232 0 1536 ) (-232 224 1536 ) 
4 95 103 (-408 416 1464 ) (-408 512 1464 ) (-232 512 1464 ) (-232 416 1464 ) 
4 95 97 (-408 416 1536 ) (-408 416 1472 ) (-232 416 1472 ) (-232 416 1536 ) 
4 95 101 (-408 512 1464 ) (-408 416 1464 ) (-408 416 1536 ) (-408 512 1536 ) 
3 96 99 (-232 224 1471.998047 ) (-256 256 1536 ) (-232 256 1536 ) 
3 96 98 (-408 224 1471.998047 ) (-408 256 1536 ) (-384 256 1536 ) 
3 96 101 (-408 224 1472 ) (-408 224 1536 ) (-408 256 1536 ) 
4 96 100 (-408 224 1536 ) (-408 224 1472 ) (-232 224 1472 ) (-232 224 1536 ) 
3 97 99 (-232 416 1472 ) (-232 384 1536 ) (-256 384 1536 ) 
3 97 98 (-408 416 1472 ) (-384 384 1536 ) (-408 384 1536 ) 
3 97 101 (-408 384 1536 ) (-408 416 1536 ) (-408 416 1472 ) 
4 98 101 (-408 224 1472 ) (-408 256 1536 ) (-408 384 1536 ) (-408 416 1472 ) 
4 100 126 (-232 0 1536 ) (-408 0 1536 ) (-408 0 1464 ) (-232 0 1464 ) 
4 100 108 (-232 0 1464 ) (-408 0 1464 ) (-408 224 1464 ) (-232 224 1464 ) 
4 100 101 (-408 224 1464 ) (-408 0 1464 ) (-408 0 1536 ) (-408 224 1536 ) 
4 101 126 (-408 0 1536 ) (-512 0 1536 ) (-512 0 1464 ) (-408 0 1464 ) 
4 101 122 (-512 0 1464 ) (-512 0 1536 ) (-512 512 1536 ) (-512 512 1464 ) 
4 101 109 (-408 0 1464 ) (-512 0 1464 ) (-512 232 1464 ) (-408 232 1464 ) 
4 101 107 (-512 232 1464 ) (-512 408 1464 ) (-408 408 1464 ) (-408 232 1464 ) 
4 101 104 (-512 408 1464 ) (-512 512 1464 ) (-408 512 1464 ) (-408 408 1464 ) 
4 102 126 (0 0 1336 ) (0 0 1464 ) (-232 0 1464 ) (-232 0 1336 ) 
4 102 108 (-232 224 1336 ) (-232 0 1336 ) (-232 0 1464 ) (-232 224 1464 ) 
4 102 105 (-232 352 1336 ) (-232 288 1336 ) (-232 288 1445 ) (-232 352 1445 ) 
4 102 103 (-232 512 1336 ) (-232 416 1336 ) (-232 416 1464 ) (-232 512 1464 ) 
4 103 104 (-408 512 1336 ) (-408 416 1336 ) (-408 416 1464 ) (-408 512 1464 ) 
4 104 122 (-512 408 1464 ) (-512 512 1464 ) (-512 512 1336 ) (-512 408 1336 ) 
4 104 107 (-512 408 1336 ) (-408 408 1336 ) (-408 408 1464 ) (-512 408 1464 ) 
4 105 106 (-240 352 1336 ) (-240 288 1336 ) (-240 288 1445 ) (-240 352 1445 ) 
4 106 110 (-256 384 1336 ) (-256 256 1336 ) (-384 256 1336 ) (-384 384 1336 ) 
4 107 122 (-512 232 1464 ) (-512 408 1464 ) (-512 408 1336 ) (-512 232 1336 ) 
4 107 109 (-512 232 1336 ) (-408 232 1336 ) (-408 232 1464 ) (-512 232 1464 ) 
4 108 126 (-232 0 1464 ) (-408 0 1464 ) (-408 0 1336 ) (-232 0 1336 ) 
4 108 109 (-408 224 1336 ) (-408 0 1336 ) (-408 0 1464 ) (-408 224 1464 ) 
4 109 126 (-408 0 1464 ) (-512 0 1464 ) (-512 0 1336 ) (-408 0 1336 ) 
4 109 122 (-512 0 1336 ) (-512 0 1464 ) (-512 232 1464 ) (-512 232 1336 ) 
4 110 111 (-256 384 1328 ) (-256 256 1328 ) (-384 256 1328 ) (-384 384 1328 ) 
4 111 127 (0 0 1240 ) (0 0 1328 ) (-496 0 1328 ) (-496 0 1240 ) 
4 112 128 (0 0 1104 ) (0 0 1232 ) (-496 0 1232 ) (-496 0 1104 ) 
4 113 129 (0 0 968 ) (0 0 1096 ) (-496 0 1096 ) (-496 0 968 ) 
4 114 130 (0 0 832 ) (0 0 960 ) (-496 0 960 ) (-496 0 832 ) 
4 115 131 (0 0 696 ) (0 0 824 ) (-496 0 824 ) (-496 0 696 ) 
4 116 132 (0 0 560 ) (0 0 688 ) (-496 0 688 ) (-496 0 560 ) 
4 117 133 (0 0 424 ) (0 0 552 ) (-496 0 552 ) (-496 0 424 ) 
4 118 134 (0 0 288 ) (0 0 416 ) (-496 0 416 ) (-496 0 288 ) 
4 119 135 (0 0 152 ) (0 0 280 ) (-496 0 280 ) (-496 0 152 ) 
4 120 136 (0 0 16 ) (0 0 144 ) (-496 0 144 ) (-496 0 16 ) 
4 121 138 (0 0 -32 ) (0 0 0 ) (-512 0 0 ) (-512 0 -32 ) 
4 121 122 (-512 0 -32 ) (-512 0 0 ) (-512 512 0 ) (-512 512 -32 ) 
4 122 140 (-512 0 -32 ) (-512 0 2048 ) (-1024 0 2048 ) (-1024 0 -32 ) 
4 122 123 (-1024 1024 2048 ) (-1024 1024 -32 ) (-1024 0 -32 ) (-1024 0 2048 ) 
4 123 141 (-1024 0 -32 ) (-1024 0 2048 ) (-2048 0 2048 ) (-2048 0 -32 ) 
4 123 125 (-2048 0 -32 ) (-2048 0 2048 ) (-2048 1024 2048 ) (-2048 1024 -32 ) 
4 124 125 (-2048 1024 -32 ) (-2048 1024 2048 ) (-3072 1024 2048 ) (-3072 1024 -32 ) 
4 125 146 (-2048 0 -32 ) (-2048 0 2048 ) (-3072 0 2048 ) (-3072 0 -32 ) 
4 126 140 (-512 0 2048 ) (-512 0 1336 ) (-512 -512 1336 ) (-512 -512 2048 ) 
4 126 139 (-512 -512 2048 ) (-512 -512 1336 ) (0 -512 1336 ) (0 -512 2048 ) 
4 136 137 (-64 -496 16 ) (0 -496 16 ) (0 -496 144 ) (-64 -496 144 ) 
4 137 139 (-64 -512 16 ) (0 -512 16 ) (0 -512 144 ) (-64 -512 144 ) 
4 138 140 (-512 0 0 ) (-512 0 -32 ) (-512 -512 -32 ) (-512 -512 0 ) 
4 138 139 (-512 -512 0 ) (-512 -512 -32 ) (0 -512 -32 ) (0 -512 0 ) 
4 139 142 (0 -1024 8 ) (0 -1024 2048 ) (-512 -1024 2048 ) (-512 -1024 8 ) 
4 139 140 (-512 -1024 -32 ) (-512 -1024 2048 ) (-512 -512 2048 ) (-512 -512 -32 ) 
4 140 142 (-512 -1024 8 ) (-512 -1024 2048 ) (-1024 -1024 2048 ) (-1024 -1024 8 ) 
4 140 141 (-1024 -1024 -32 ) (-1024 -1024 2048 ) (-1024 0 2048 ) (-1024 0 -32 ) 
4 141 146 (-2048 -1024 -32 ) (-2048 -1024 2048 ) (-2048 0 2048 ) (-2048 0 -32 ) 
4 141 144 (-1024 -1024 8 ) (-1024 -1024 2048 ) (-2048 -1024 2048 ) (-2048 -1024 8 ) 
4 142 144 (-1024 -1024 2048 ) (-1024 -1024 8 ) (-1024 -1280 8 ) (-1024 -1280 2048 ) 
4 142 143 (0 -1280 8 ) (0 -1280 2048 ) (-1024 -1280 2048 ) (-1024 -1280 8 ) 
4 143 150 (0 -2048 -32 ) (0 -2048 2048 ) (-1024 -2048 2048 ) (-1024 -2048 -32 ) 
4 143 145 (-1024 -1280 -32 ) (-1024 -2048 -32 ) (-1024 -2048 2048 ) (-1024 -1280 2048 ) 
4 144 147 (-2048 -1280 2048 ) (-2048 -1024 2048 ) (-2048 -1024 8 ) (-2048 -1280 8 ) 
4 144 145 (-1024 -1280 8 ) (-1024 -1280 2048 ) (-2048 -1280 2048 ) (-2048 -1280 8 ) 
4 145 151 (-1024 -2048 -32 ) (-1024 -2048 2048 ) (-2048 -2048 2048 ) (-2048 -2048 -32 ) 
4 145 148 (-2048 -2048 -32 ) (-2048 -2048 8 ) (-2048 -1280 8 ) (-2048 -1280 -32 ) 
4 145 147 (-2048 -2048 8 ) (-2048 -2048 2048 ) (-2048 -1280 2048 ) (-2048 -1280 8 ) 
4 146 149 (-2560 -1024 8 ) (-3072 -1024 8 ) (-3072 -1024 -32 ) (-2560 -1024 -32 ) 
4 146 147 (-2048 -1024 8 ) (-2048 -1024 2048 ) (-3072 -1024 2048 ) (-3072 -1024 8 ) 
4 147 155 (-2304 -2048 2048 ) (-2560 -2048 2048 ) (-2560 -2048 8 ) (-2304 -2048 8 ) 
4 147 154 (-2048 -2048 8 ) (-2048 -2048 2048 ) (-2304 -2048 2048 ) (-2304 -2048 8 ) 
4 147 156 (-2560 -2048 2048 ) (-3072 -2048 2048 ) (-3072 -2048 8 ) (-2560 -2048 8 ) 
4 147 149 (-2560 -2048 8 ) (-3072 -2048 8 ) (-3072 -1024 8 ) (-2560 -1024 8 ) 
4 147 148 (-2048 -2048 8 ) (-2304 -2048 8 ) (-2304 -1280 8 ) (-2048 -1280 8 ) 
4 148 154 (-2048 -2048 -32 ) (-2048 -2048 8 ) (-2304 -2048 8 ) (-2304 -2048 -32 ) 
4 149 156 (-2560 -2048 8 ) (-3072 -2048 8 ) (-3072 -2048 -32 ) (-2560 -2048 -32 ) 
4 150 152 (0 -3072 -32 ) (0 -3072 2048 ) (-1024 -3072 2048 ) (-1024 -3072 -32 ) 
4 150 151 (-1024 -2048 2048 ) (-1024 -2048 -32 ) (-1024 -3072 -32 ) (-1024 -3072 2048 ) 
4 151 154 (-2048 -2048 2048 ) (-2048 -2048 -32 ) (-2048 -3072 -32 ) (-2048 -3072 2048 ) 
4 151 153 (-1024 -3072 -32 ) (-1024 -3072 2048 ) (-2048 -3072 2048 ) (-2048 -3072 -32 ) 
4 152 153 (-1024 -3840 2048 ) (-1024 -3072 2048 ) (-1024 -3072 -32 ) (-1024 -3840 -32 ) 
4 153 160 (-2048 -3840 2048 ) (-2048 -3328 2048 ) (-2048 -3328 -32 ) (-2048 -3840 -32 ) 
4 153 157 (-2048 -3328 2048 ) (-2048 -3072 2048 ) (-2048 -3072 -32 ) (-2048 -3328 -32 ) 
4 154 157 (-2048 -3072 -32 ) (-2048 -3072 2048 ) (-2304 -3072 2048 ) (-2304 -3072 -32 ) 
4 154 155 (-2304 -3072 8 ) (-2304 -3072 2048 ) (-2304 -2048 2048 ) (-2304 -2048 8 ) 
4 155 158 (-2304 -3072 2048 ) (-2560 -3072 2048 ) (-2560 -3072 8 ) (-2304 -3072 8 ) 
4 155 156 (-2560 -3072 8 ) (-2560 -3072 2048 ) (-2560 -2048 2048 ) (-2560 -2048 8 ) 
4 156 159 (-2560 -3072 2048 ) (-3072 -3072 2048 ) (-3072 -3072 -32 ) (-2560 -3072 -32 ) 
4 157 160 (-2304 -3328 -32 ) (-2048 -3328 -32 ) (-2048 -3328 2048 ) (-2304 -3328 2048 ) 
4 157 158 (-2304 -3328 8 ) (-2304 -3328 2048 ) (-2304 -3072 2048 ) (-2304 -3072 8 ) 
4 158 160 (-2304 -3328 8 ) (-2304 -3328 2048 ) (-2560 -3328 2048 ) (-2560 -3328 8 ) 
4 158 159 (-2560 -3328 8 ) (-2560 -3328 2048 ) (-2560 -3072 2048 ) (-2560 -3072 8 ) 
4 159 160 (-3072 -3328 -32 ) (-2560 -3328 -32 ) (-2560 -3328 2048 ) (-3072 -3328 2048 ) 
