


materialPath: D:\Games\Steam\steamapps\common\left 4 dead 2\left4dead2\materials
Loading d:\games\steam\steamapps\common\left 4 dead 2\sdk_content\mapsrc\ths_maps\map_cannals_escape01.vmf
fixing up env_cubemap materials on brush sides...
0...1...2...3...4...5...6...7...8...9...100...1...2...3...4...5...6...7...8...9...10Processing areas...done (0)
Building Faces...done (0)
Chop Details...done (0)
Find Visible Detail Sides...
Merged 26 detail faces...done (0)
Merging details...done (0)
FixTjuncs...
PruneNodes...
WriteBSP...
done (0)
writing d:\games\steam\steamapps\common\left 4 dead 2\sdk_content\mapsrc\ths_maps\map_cannals_escape01.prt...Building visibility clusters...
done (0)
Finding displacement neighbors...
Finding lightmap sample positions...
Displacement Alpha : 0...1...2...3...4...5...6...7...8...9...10
Building Physics collision data...
done (0) (19776 bytes)
Cannot build Physics2 data
                                                             -----------
DataLinker total stream size                                     0.0 KiB
Placing detail props : 0...1...2...3...4...5...6...7...8...9...10
Compacting texture/material tables...
Reduced 258 texinfos to 64
Reduced 16 texdatas to 16 (311 bytes to 311)
Writing d:\games\steam\steamapps\common\left 4 dead 2\sdk_content\mapsrc\ths_maps\map_cannals_escape01.bsp
0 seconds elapsed



12 threads
reading d:\games\steam\steamapps\common\left 4 dead 2\sdk_content\mapsrc\ths_maps\map_cannals_escape01.bsp
max farz in all env_fog_controller entities: 2200.000000 (used for radial vis)
reading d:\games\steam\steamapps\common\left 4 dead 2\sdk_content\mapsrc\ths_maps\map_cannals_escape01.prt
  17 portalclusters
  19 numportals
0...1...2...3...4...5...6...7...8...9...100...1...2...3...4...5...6...7...8...9...10Optimized: 0 visible clusters (0.00%)
Total clusters visible: 139
Average clusters visible: 8
Building PAS...
Average clusters audible: 12
visdatasize:272  compressed from 272
writing d:\games\steam\steamapps\common\left 4 dead 2\sdk_content\mapsrc\ths_maps\map_cannals_escape01.bsp
0 seconds elapsed



[Reading texlights from 'lights.rad']
[2 texlights parsed from 'lights.rad']

Loading d:\games\steam\steamapps\common\left 4 dead 2\sdk_content\mapsrc\ths_maps\map_cannals_escape01.bsp
283 faces
516973 square feet [74444232.00 square inches]
32 Displacements
10988 Square Feet [1582367.38 Square Inches]
283 patches before subdivision
10319 patches after subdivision
9 direct lights
0...1...2...3...4...5...6...7...8...9...100...1...2...3...4...5...6...7...8...9...10transfers 898742, max 310
transfer lists:   6.9 megs
0...1...2...3...4...5...6...7...8...9...10	Bounce #1 added RGB(9731, 8084, 5324)
0...1...2...3...4...5...6...7...8...9...10	Bounce #2 added RGB(1521, 1065, 658)
0...1...2...3...4...5...6...7...8...9...10	Bounce #3 added RGB(267, 160, 94)
0...1...2...3...4...5...6...7...8...9...10	Bounce #4 added RGB(46, 25, 14)
0...1...2...3...4...5...6...7...8...9...10	Bounce #5 added RGB(8, 4, 2)
0...1...2...3...4...5...6...7...8...9...10	Bounce #6 added RGB(2, 1, 0)
0...1...2...3...4...5...6...7...8...9...10	Bounce #7 added RGB(0, 0, 0)
Build Patch/Sample Hash Table(s).....Done<0.0013 sec>
0...1...2...3...4...5...6...7...8...9...10FinalLightFace Done
0 of 0 (0% of) surface lights went in leaf ambient cubes.
0...1...2...3...4...5...6...7...8...9...10Writing leaf ambient...done
Computing static prop lighting : 00...1...2...3...4...5...6...7...8...9...10
Ready to Finish

Object names       Objects/Maxobjs  Memory / Maxmem  Fullness 
------------       ---------------  ---------------  -------- 
models                   1/1024           48/49152    ( 0.1%) 
brushes                 52/8192          624/98304    ( 0.6%) 
brushsides             330/65536        2640/524288   ( 0.5%) 
planes                 386/65536        7720/1310720  ( 0.6%) 
vertexes               480/65536        5760/786432   ( 0.7%) 
nodes                  251/65536        8032/2097152  ( 0.4%) 
texinfos                64/12288        4608/884736   ( 0.5%) 
texdata                 16/2048          512/65536    ( 0.8%) 
dispinfos               32/0            5632/0        ( 0.0%) 
disp_verts             800/0           16000/0        ( 0.0%) 
disp_tris             1024/0            2048/0        ( 0.0%) 
disp_lmsamples       32704/0           32704/0        ( 0.0%) 
faces                  283/65536       15848/3670016  ( 0.4%) 
hdr faces              283/65536       15848/3670016  ( 0.4%) 
origfaces              125/65536        7000/3670016  ( 0.2%) 
leaves                 253/65536        8096/2097152  ( 0.4%) 
leaffaces              276/65536         552/131072   ( 0.4%) 
leafbrushes            213/65536         426/131072   ( 0.3%) 
areas                    4/256            32/2048     ( 1.6%) 
surfedges             1702/512000       6808/2048000  ( 0.3%) 
edges                 1098/256000       4392/1024000  ( 0.4%) 
LDR worldlights          0/8192            0/819200   ( 0.0%) 
HDR worldlights          9/8192          900/819200   ( 0.1%) 
leafwaterdata            0/32768           0/393216   ( 0.0%) 
waterstrips              6/32768          60/327680   ( 0.0%) 
waterverts               0/65536           0/786432   ( 0.0%) 
waterindices            84/65536         168/131072   ( 0.1%) 
cubemapsamples           0/1024            0/16384    ( 0.0%) 
overlays                 0/512             0/180224   ( 0.0%) 
LDR lightdata         [variable]           0/0        ( 0.0%) 
HDR lightdata         [variable]      443536/0        ( 0.0%) 
visdata               [variable]         272/16777216 ( 0.0%) 
entdata               [variable]        8710/393216   ( 2.2%) 
LDR ambient table      253/65536        1012/262144   ( 0.4%) 
HDR ambient table      253/65536        1012/262144   ( 0.4%) 
LDR leaf ambient       253/65536        7084/1835008  ( 0.4%) 
HDR leaf ambient       265/65536        7420/1835008  ( 0.4%) 
occluders                0/0               0/0        ( 0.0%) 
occluder polygons        0/0               0/0        ( 0.0%) 
occluder vert ind        0/0               0/0        ( 0.0%) 
Prop Hull Verts          0/0               0/0        ( 0.0%) 
Prop Hull Blob           0/0               0/0        ( 0.0%) 
Prop Hull Lists          0/0               0/0        ( 0.0%) 
Prop Hulls               0/0               0/0        ( 0.0%) 
Prop Hull trilist        0/0               0/0        ( 0.0%) 
detail props          [variable]           1/12       ( 8.3%) 
static props          [variable]           1/2152     ( 0.0%) 
pakfile               [variable]      188038/0        ( 0.0%) 
physics               [variable]       19776/4194304  ( 0.5%) 
physics terrain       [variable]        1586/1048576  ( 0.2%) 

Level flags = 2

Total triangle count: 636
Writing d:\games\steam\steamapps\common\left 4 dead 2\sdk_content\mapsrc\ths_maps\map_cannals_escape01.bsp
4 seconds elapsed



materialPath: D:\Games\Steam\steamapps\common\left 4 dead 2\left4dead2\materials
Loading d:\games\steam\steamapps\common\left 4 dead 2\sdk_content\mapsrc\ths_maps\map_cannals_escape01.vmf
fixing up env_cubemap materials on brush sides...
0...1...2...3...4...5...6...7...8...9...100...1...2...3...4...5...6...7...8...9...10Processing areas...done (0)
Building Faces...done (0)
Chop Details...done (0)
Find Visible Detail Sides...
Merged 26 detail faces...done (0)
Merging details...done (0)
FixTjuncs...
PruneNodes...
WriteBSP...
done (0)
writing d:\games\steam\steamapps\common\left 4 dead 2\sdk_content\mapsrc\ths_maps\map_cannals_escape01.prt...Building visibility clusters...
done (0)
Finding displacement neighbors...
Finding lightmap sample positions...
Displacement Alpha : 0...1...2...3...4...5...6...7...8...9...10
Building Physics collision data...
done (0) (19776 bytes)
Cannot build Physics2 data
                                                             -----------
DataLinker total stream size                                     0.0 KiB
Placing detail props : 0...1...2...3...4...5...6...7...8...9...10
Compacting texture/material tables...
Reduced 270 texinfos to 67
Reduced 22 texdatas to 19 (599 bytes to 526)
Writing d:\games\steam\steamapps\common\left 4 dead 2\sdk_content\mapsrc\ths_maps\map_cannals_escape01.bsp
0 seconds elapsed



12 threads
reading d:\games\steam\steamapps\common\left 4 dead 2\sdk_content\mapsrc\ths_maps\map_cannals_escape01.bsp
max farz in all env_fog_controller entities: 2200.000000 (used for radial vis)
reading d:\games\steam\steamapps\common\left 4 dead 2\sdk_content\mapsrc\ths_maps\map_cannals_escape01.prt
  17 portalclusters
  19 numportals
0...1...2...3...4...5...6...7...8...9...100...1...2...3...4...5...6...7...8...9...10Optimized: 0 visible clusters (0.00%)
Total clusters visible: 139
Average clusters visible: 8
Building PAS...
Average clusters audible: 12
visdatasize:272  compressed from 272
writing d:\games\steam\steamapps\common\left 4 dead 2\sdk_content\mapsrc\ths_maps\map_cannals_escape01.bsp
0 seconds elapsed



[Reading texlights from 'lights.rad']
[2 texlights parsed from 'lights.rad']

Loading d:\games\steam\steamapps\common\left 4 dead 2\sdk_content\mapsrc\ths_maps\map_cannals_escape01.bsp
283 faces
516973 square feet [74444232.00 square inches]
32 Displacements
10988 Square Feet [1582367.38 Square Inches]
283 patches before subdivision
10319 patches after subdivision
9 direct lights
0...1...2...3...4...5...6...7...8...9...100...1...2...3...4...5...6...7...8...9...10transfers 898349, max 310
transfer lists:   6.9 megs
0...1...2...3...4...5...6...7...8...9...10	Bounce #1 added RGB(9732, 8103, 5327)
0...1...2...3...4...5...6...7...8...9...10	Bounce #2 added RGB(1522, 1070, 658)
0...1...2...3...4...5...6...7...8...9...10	Bounce #3 added RGB(267, 160, 94)
0...1...2...3...4...5...6...7...8...9...10	Bounce #4 added RGB(46, 25, 14)
0...1...2...3...4...5...6...7...8...9...10	Bounce #5 added RGB(8, 4, 2)
0...1...2...3...4...5...6...7...8...9...10	Bounce #6 added RGB(2, 1, 0)
0...1...2...3...4...5...6...7...8...9...10	Bounce #7 added RGB(0, 0, 0)
Build Patch/Sample Hash Table(s).....Done<0.0014 sec>
0...1...2...3...4...5...6...7...8...9...10FinalLightFace Done
0 of 0 (0% of) surface lights went in leaf ambient cubes.
0...1...2...3...4...5...6...7...8...9...10Writing leaf ambient...done
Computing static prop lighting : 00...1...2...3...4...5...6...7...8...9...10
Ready to Finish

Object names       Objects/Maxobjs  Memory / Maxmem  Fullness 
------------       ---------------  ---------------  -------- 
models                   1/1024           48/49152    ( 0.1%) 
brushes                 52/8192          624/98304    ( 0.6%) 
brushsides             330/65536        2640/524288   ( 0.5%) 
planes                 386/65536        7720/1310720  ( 0.6%) 
vertexes               480/65536        5760/786432   ( 0.7%) 
nodes                  251/65536        8032/2097152  ( 0.4%) 
texinfos                67/12288        4824/884736   ( 0.5%) 
texdata                 19/2048          608/65536    ( 0.9%) 
dispinfos               32/0            5632/0        ( 0.0%) 
disp_verts             800/0           16000/0        ( 0.0%) 
disp_tris             1024/0            2048/0        ( 0.0%) 
disp_lmsamples       32704/0           32704/0        ( 0.0%) 
faces                  283/65536       15848/3670016  ( 0.4%) 
hdr faces              283/65536       15848/3670016  ( 0.4%) 
origfaces              125/65536        7000/3670016  ( 0.2%) 
leaves                 253/65536        8096/2097152  ( 0.4%) 
leaffaces              276/65536         552/131072   ( 0.4%) 
leafbrushes            213/65536         426/131072   ( 0.3%) 
areas                    4/256            32/2048     ( 1.6%) 
surfedges             1702/512000       6808/2048000  ( 0.3%) 
edges                 1098/256000       4392/1024000  ( 0.4%) 
LDR worldlights          0/8192            0/819200   ( 0.0%) 
HDR worldlights          9/8192          900/819200   ( 0.1%) 
leafwaterdata            0/32768           0/393216   ( 0.0%) 
waterstrips              6/32768          60/327680   ( 0.0%) 
waterverts               0/65536           0/786432   ( 0.0%) 
waterindices            84/65536         168/131072   ( 0.1%) 
cubemapsamples           4/1024           64/16384    ( 0.4%) 
overlays                 1/512           352/180224   ( 0.2%) 
LDR lightdata         [variable]           0/0        ( 0.0%) 
HDR lightdata         [variable]      443536/0        ( 0.0%) 
visdata               [variable]         272/16777216 ( 0.0%) 
entdata               [variable]        8710/393216   ( 2.2%) 
LDR ambient table      253/65536        1012/262144   ( 0.4%) 
HDR ambient table      253/65536        1012/262144   ( 0.4%) 
LDR leaf ambient       253/65536        7084/1835008  ( 0.4%) 
HDR leaf ambient       264/65536        7392/1835008  ( 0.4%) 
occluders                0/0               0/0        ( 0.0%) 
occluder polygons        0/0               0/0        ( 0.0%) 
occluder vert ind        0/0               0/0        ( 0.0%) 
Prop Hull Verts          0/0               0/0        ( 0.0%) 
Prop Hull Blob           0/0               0/0        ( 0.0%) 
Prop Hull Lists          0/0               0/0        ( 0.0%) 
Prop Hulls               0/0               0/0        ( 0.0%) 
Prop Hull trilist        0/0               0/0        ( 0.0%) 
detail props          [variable]           1/12       ( 8.3%) 
static props          [variable]           1/2356     ( 0.0%) 
pakfile               [variable]      553105/0        ( 0.0%) 
physics               [variable]       19776/4194304  ( 0.5%) 
physics terrain       [variable]        1586/1048576  ( 0.2%) 

Level flags = 2

Total triangle count: 636
Writing d:\games\steam\steamapps\common\left 4 dead 2\sdk_content\mapsrc\ths_maps\map_cannals_escape01.bsp
4 seconds elapsed



materialPath: D:\Games\Steam\steamapps\common\left 4 dead 2\left4dead2\materials
Loading d:\games\steam\steamapps\common\left 4 dead 2\sdk_content\mapsrc\ths_maps\map_cannals_escape01.vmf
fixing up env_cubemap materials on brush sides...
0...1...2...3...4...5...6...7...8...9...100...1...2...3...4...5...6...7...8...9...10Processing areas...done (0)
Building Faces...done (0)
Chop Details...done (0)
Find Visible Detail Sides...
Merged 26 detail faces...done (0)
Merging details...done (0)
FixTjuncs...
PruneNodes...
WriteBSP...
done (0)
writing d:\games\steam\steamapps\common\left 4 dead 2\sdk_content\mapsrc\ths_maps\map_cannals_escape01.prt...Building visibility clusters...
done (0)
Finding displacement neighbors...
Finding lightmap sample positions...
Displacement Alpha : 0...1...2...3...4...5...6...7...8...9...10
Building Physics collision data...
done (0) (19776 bytes)
Cannot build Physics2 data
                                                             -----------
DataLinker total stream size                                     0.0 KiB
Placing detail props : 0...1...2...3...4...5...6...7...8...9...10
Compacting texture/material tables...
Reduced 270 texinfos to 67
Reduced 22 texdatas to 19 (599 bytes to 526)
Writing d:\games\steam\steamapps\common\left 4 dead 2\sdk_content\mapsrc\ths_maps\map_cannals_escape01.bsp
0 seconds elapsed



12 threads
reading d:\games\steam\steamapps\common\left 4 dead 2\sdk_content\mapsrc\ths_maps\map_cannals_escape01.bsp
max farz in all env_fog_controller entities: 2200.000000 (used for radial vis)
reading d:\games\steam\steamapps\common\left 4 dead 2\sdk_content\mapsrc\ths_maps\map_cannals_escape01.prt
  17 portalclusters
  19 numportals
0...1...2...3...4...5...6...7...8...9...100...1...2...3...4...5...6...7...8...9...10Optimized: 0 visible clusters (0.00%)
Total clusters visible: 139
Average clusters visible: 8
Building PAS...
Average clusters audible: 12
visdatasize:272  compressed from 272
writing d:\games\steam\steamapps\common\left 4 dead 2\sdk_content\mapsrc\ths_maps\map_cannals_escape01.bsp
0 seconds elapsed



[Reading texlights from 'lights.rad']
[2 texlights parsed from 'lights.rad']

Loading d:\games\steam\steamapps\common\left 4 dead 2\sdk_content\mapsrc\ths_maps\map_cannals_escape01.bsp
283 faces
516973 square feet [74444232.00 square inches]
32 Displacements
10988 Square Feet [1582367.38 Square Inches]
283 patches before subdivision
10319 patches after subdivision
9 direct lights
0...1...2...3...4...5...6...7...8...9...100...1...2...3...4...5...6...7...8...9...10transfers 898349, max 310
transfer lists:   6.9 megs
0...1...2...3...4...5...6...7...8...9...10	Bounce #1 added RGB(9734, 8104, 5327)
0...1...2...3...4...5...6...7...8...9...10	Bounce #2 added RGB(1522, 1070, 658)
0...1...2...3...4...5...6...7...8...9...10	Bounce #3 added RGB(267, 160, 94)
0...1...2...3...4...5...6...7...8...9...10	Bounce #4 added RGB(46, 25, 14)
0...1...2...3...4...5...6...7...8...9...10	Bounce #5 added RGB(8, 4, 2)
0...1...2...3...4...5...6...7...8...9...10	Bounce #6 added RGB(2, 1, 0)
0...1...2...3...4...5...6...7...8...9...10	Bounce #7 added RGB(0, 0, 0)
Build Patch/Sample Hash Table(s).....Done<0.0017 sec>
0...1...2...3...4...5...6...7...8...9...10FinalLightFace Done
0 of 0 (0% of) surface lights went in leaf ambient cubes.
0...1...2...3...4...5...6...7...8...9...10Writing leaf ambient...done
Computing static prop lighting : 00...1...2...3...4...5...6...7...8...9...10
Ready to Finish

Object names       Objects/Maxobjs  Memory / Maxmem  Fullness 
------------       ---------------  ---------------  -------- 
models                   1/1024           48/49152    ( 0.1%) 
brushes                 52/8192          624/98304    ( 0.6%) 
brushsides             330/65536        2640/524288   ( 0.5%) 
planes                 386/65536        7720/1310720  ( 0.6%) 
vertexes               480/65536        5760/786432   ( 0.7%) 
nodes                  251/65536        8032/2097152  ( 0.4%) 
texinfos                67/12288        4824/884736   ( 0.5%) 
texdata                 19/2048          608/65536    ( 0.9%) 
dispinfos               32/0            5632/0        ( 0.0%) 
disp_verts             800/0           16000/0        ( 0.0%) 
disp_tris             1024/0            2048/0        ( 0.0%) 
disp_lmsamples       32704/0           32704/0        ( 0.0%) 
faces                  283/65536       15848/3670016  ( 0.4%) 
hdr faces              283/65536       15848/3670016  ( 0.4%) 
origfaces              125/65536        7000/3670016  ( 0.2%) 
leaves                 253/65536        8096/2097152  ( 0.4%) 
leaffaces              276/65536         552/131072   ( 0.4%) 
leafbrushes            213/65536         426/131072   ( 0.3%) 
areas                    4/256            32/2048     ( 1.6%) 
surfedges             1702/512000       6808/2048000  ( 0.3%) 
edges                 1098/256000       4392/1024000  ( 0.4%) 
LDR worldlights          0/8192            0/819200   ( 0.0%) 
HDR worldlights          9/8192          900/819200   ( 0.1%) 
leafwaterdata            0/32768           0/393216   ( 0.0%) 
waterstrips              6/32768          60/327680   ( 0.0%) 
waterverts               0/65536           0/786432   ( 0.0%) 
waterindices            84/65536         168/131072   ( 0.1%) 
cubemapsamples           4/1024           64/16384    ( 0.4%) 
overlays                 1/512           352/180224   ( 0.2%) 
LDR lightdata         [variable]           0/0        ( 0.0%) 
HDR lightdata         [variable]      443536/0        ( 0.0%) 
visdata               [variable]         272/16777216 ( 0.0%) 
entdata               [variable]        8710/393216   ( 2.2%) 
LDR ambient table      253/65536        1012/262144   ( 0.4%) 
HDR ambient table      253/65536        1012/262144   ( 0.4%) 
LDR leaf ambient       253/65536        7084/1835008  ( 0.4%) 
HDR leaf ambient       264/65536        7392/1835008  ( 0.4%) 
occluders                0/0               0/0        ( 0.0%) 
occluder polygons        0/0               0/0        ( 0.0%) 
occluder vert ind        0/0               0/0        ( 0.0%) 
Prop Hull Verts          0/0               0/0        ( 0.0%) 
Prop Hull Blob           0/0               0/0        ( 0.0%) 
Prop Hull Lists          0/0               0/0        ( 0.0%) 
Prop Hulls               0/0               0/0        ( 0.0%) 
Prop Hull trilist        0/0               0/0        ( 0.0%) 
detail props          [variable]           1/12       ( 8.3%) 
static props          [variable]           1/2356     ( 0.0%) 
pakfile               [variable]      553105/0        ( 0.0%) 
physics               [variable]       19776/4194304  ( 0.5%) 
physics terrain       [variable]        1586/1048576  ( 0.2%) 

Level flags = 2

Total triangle count: 636
Writing d:\games\steam\steamapps\common\left 4 dead 2\sdk_content\mapsrc\ths_maps\map_cannals_escape01.bsp
6 seconds elapsed



materialPath: D:\Games\Steam\steamapps\common\left 4 dead 2\left4dead2\materials
Loading d:\games\steam\steamapps\common\left 4 dead 2\sdk_content\mapsrc\ths_maps\map_cannals_escape01.vmf
fixing up env_cubemap materials on brush sides...
0...1...2...3...4...5...6...7...8...9...100...1...2...3...4...5...6...7...8...9...10Processing areas...done (0)
Building Faces...done (0)
Chop Details...done (0)
Find Visible Detail Sides...
Merged 26 detail faces...done (0)
Merging details...done (0)
FixTjuncs...
PruneNodes...
WriteBSP...
done (0)
writing d:\games\steam\steamapps\common\left 4 dead 2\sdk_content\mapsrc\ths_maps\map_cannals_escape01.prt...Building visibility clusters...
done (0)
Finding displacement neighbors...
Finding lightmap sample positions...
Displacement Alpha : 0...1...2...3...4...5...6...7...8...9...10
Building Physics collision data...
done (0) (19776 bytes)
Cannot build Physics2 data
                                                             -----------
DataLinker total stream size                                     0.0 KiB
Placing detail props : 0...1...2...3...4...5...6...7...8...9...10
Compacting texture/material tables...
Reduced 272 texinfos to 69
Reduced 24 texdatas to 21 (643 bytes to 570)
Writing d:\games\steam\steamapps\common\left 4 dead 2\sdk_content\mapsrc\ths_maps\map_cannals_escape01.bsp
0 seconds elapsed



12 threads
reading d:\games\steam\steamapps\common\left 4 dead 2\sdk_content\mapsrc\ths_maps\map_cannals_escape01.bsp
max farz in all env_fog_controller entities: 2200.000000 (used for radial vis)
reading d:\games\steam\steamapps\common\left 4 dead 2\sdk_content\mapsrc\ths_maps\map_cannals_escape01.prt
  17 portalclusters
  19 numportals
0...1...2...3...4...5...6...7...8...9...100...1...2...3...4...5...6...7...8...9...10Optimized: 0 visible clusters (0.00%)
Total clusters visible: 139
Average clusters visible: 8
Building PAS...
Average clusters audible: 12
visdatasize:272  compressed from 272
writing d:\games\steam\steamapps\common\left 4 dead 2\sdk_content\mapsrc\ths_maps\map_cannals_escape01.bsp
0 seconds elapsed



[Reading texlights from 'lights.rad']
[2 texlights parsed from 'lights.rad']

Loading d:\games\steam\steamapps\common\left 4 dead 2\sdk_content\mapsrc\ths_maps\map_cannals_escape01.bsp
285 faces
516973 square feet [74444232.00 square inches]
32 Displacements
10988 Square Feet [1582367.38 Square Inches]
285 patches before subdivision
10573 patches after subdivision
9 direct lights
0...1...2...3...4...5...6...7...8...9...100...1...2...3...4...5...6...7...8...9...10transfers 908477, max 310
transfer lists:   6.9 megs
0...1...2...3...4...5...6...7...8...9...10	Bounce #1 added RGB(9889, 8195, 5355)
0...1...2...3...4...5...6...7...8...9...10	Bounce #2 added RGB(1524, 1070, 657)
0...1...2...3...4...5...6...7...8...9...10	Bounce #3 added RGB(266, 160, 94)
0...1...2...3...4...5...6...7...8...9...10	Bounce #4 added RGB(46, 25, 14)
0...1...2...3...4...5...6...7...8...9...10	Bounce #5 added RGB(8, 4, 2)
0...1...2...3...4...5...6...7...8...9...10	Bounce #6 added RGB(1, 1, 0)
0...1...2...3...4...5...6...7...8...9...10	Bounce #7 added RGB(0, 0, 0)
Build Patch/Sample Hash Table(s).....Done<0.0014 sec>
0...1...2...3...4...5...6...7...8...9...10FinalLightFace Done
0 of 0 (0% of) surface lights went in leaf ambient cubes.
0...1...2...3...4...5...6...7...8...9...10Writing leaf ambient...done
Computing static prop lighting : 00...1...2...3...4...5...6...7...8...9...10
Ready to Finish

Object names       Objects/Maxobjs  Memory / Maxmem  Fullness 
------------       ---------------  ---------------  -------- 
models                   1/1024           48/49152    ( 0.1%) 
brushes                 52/8192          624/98304    ( 0.6%) 
brushsides             330/65536        2640/524288   ( 0.5%) 
planes                 386/65536        7720/1310720  ( 0.6%) 
vertexes               478/65536        5736/786432   ( 0.7%) 
nodes                  251/65536        8032/2097152  ( 0.4%) 
texinfos                69/12288        4968/884736   ( 0.6%) 
texdata                 21/2048          672/65536    ( 1.0%) 
dispinfos               32/0            5632/0        ( 0.0%) 
disp_verts             800/0           16000/0        ( 0.0%) 
disp_tris             1024/0            2048/0        ( 0.0%) 
disp_lmsamples       32704/0           32704/0        ( 0.0%) 
faces                  285/65536       15960/3670016  ( 0.4%) 
hdr faces              285/65536       15960/3670016  ( 0.4%) 
origfaces              125/65536        7000/3670016  ( 0.2%) 
leaves                 253/65536        8096/2097152  ( 0.4%) 
leaffaces              278/65536         556/131072   ( 0.4%) 
leafbrushes            213/65536         426/131072   ( 0.3%) 
areas                    4/256            32/2048     ( 1.6%) 
surfedges             1706/512000       6824/2048000  ( 0.3%) 
edges                 1100/256000       4400/1024000  ( 0.4%) 
LDR worldlights          0/8192            0/819200   ( 0.0%) 
HDR worldlights          9/8192          900/819200   ( 0.1%) 
leafwaterdata            0/32768           0/393216   ( 0.0%) 
waterstrips              6/32768          60/327680   ( 0.0%) 
waterverts               0/65536           0/786432   ( 0.0%) 
waterindices            84/65536         168/131072   ( 0.1%) 
cubemapsamples           4/1024           64/16384    ( 0.4%) 
overlays                11/512          3872/180224   ( 2.1%) 
LDR lightdata         [variable]           0/0        ( 0.0%) 
HDR lightdata         [variable]      443544/0        ( 0.0%) 
visdata               [variable]         272/16777216 ( 0.0%) 
entdata               [variable]        8710/393216   ( 2.2%) 
LDR ambient table      253/65536        1012/262144   ( 0.4%) 
HDR ambient table      253/65536        1012/262144   ( 0.4%) 
LDR leaf ambient       253/65536        7084/1835008  ( 0.4%) 
HDR leaf ambient       264/65536        7392/1835008  ( 0.4%) 
occluders                0/0               0/0        ( 0.0%) 
occluder polygons        0/0               0/0        ( 0.0%) 
occluder vert ind        0/0               0/0        ( 0.0%) 
Prop Hull Verts          0/0               0/0        ( 0.0%) 
Prop Hull Blob           0/0               0/0        ( 0.0%) 
Prop Hull Lists          0/0               0/0        ( 0.0%) 
Prop Hulls               0/0               0/0        ( 0.0%) 
Prop Hull trilist        0/0               0/0        ( 0.0%) 
detail props          [variable]           1/12       ( 8.3%) 
static props          [variable]           1/2760     ( 0.0%) 
pakfile               [variable]      580445/0        ( 0.0%) 
physics               [variable]       19776/4194304  ( 0.5%) 
physics terrain       [variable]        1586/1048576  ( 0.2%) 

Level flags = 2

Total triangle count: 636
Writing d:\games\steam\steamapps\common\left 4 dead 2\sdk_content\mapsrc\ths_maps\map_cannals_escape01.bsp
5 seconds elapsed



materialPath: D:\Games\Steam\steamapps\common\left 4 dead 2\left4dead2\materials
Loading d:\games\steam\steamapps\common\left 4 dead 2\sdk_content\mapsrc\ths_maps\map_cannals_escape01.vmf
fixing up env_cubemap materials on brush sides...
0...1...2...3...4...5...6...7...8...9...100...1...2...3...4...5...6...7...8...9...10Processing areas...done (0)
Building Faces...done (0)
Chop Details...done (0)
Find Visible Detail Sides...
Merged 26 detail faces...done (0)
Merging details...done (0)
FixTjuncs...
PruneNodes...
WriteBSP...
done (0)
writing d:\games\steam\steamapps\common\left 4 dead 2\sdk_content\mapsrc\ths_maps\map_cannals_escape01.prt...Building visibility clusters...
done (0)
Finding displacement neighbors...
Finding lightmap sample positions...
Displacement Alpha : 0...1...2...3...4...5...6...7...8...9...10
Building Physics collision data...
done (0) (20168 bytes)
Cannot build Physics2 data
                                                             -----------
DataLinker total stream size                                     0.0 KiB
Placing detail props : 0...1...2...3...4...5...6...7...8...9...10
Compacting texture/material tables...
Reduced 279 texinfos to 76
Reduced 26 texdatas to 23 (692 bytes to 619)
Writing d:\games\steam\steamapps\common\left 4 dead 2\sdk_content\mapsrc\ths_maps\map_cannals_escape01.bsp
0 seconds elapsed



12 threads
reading d:\games\steam\steamapps\common\left 4 dead 2\sdk_content\mapsrc\ths_maps\map_cannals_escape01.bsp
max farz in all env_fog_controller entities: 2200.000000 (used for radial vis)
reading d:\games\steam\steamapps\common\left 4 dead 2\sdk_content\mapsrc\ths_maps\map_cannals_escape01.prt
  17 portalclusters
  19 numportals
0...1...2...3...4...5...6...7...8...9...100...1...2...3...4...5...6...7...8...9...10Optimized: 0 visible clusters (0.00%)
Total clusters visible: 139
Average clusters visible: 8
Building PAS...
Average clusters audible: 12
visdatasize:272  compressed from 272
writing d:\games\steam\steamapps\common\left 4 dead 2\sdk_content\mapsrc\ths_maps\map_cannals_escape01.bsp
0 seconds elapsed



[Reading texlights from 'lights.rad']
[2 texlights parsed from 'lights.rad']

Loading d:\games\steam\steamapps\common\left 4 dead 2\sdk_content\mapsrc\ths_maps\map_cannals_escape01.bsp
291 faces
517018 square feet [74450608.00 square inches]
32 Displacements
10988 Square Feet [1582367.38 Square Inches]
291 patches before subdivision
10623 patches after subdivision
9 direct lights
0...1...2...3...4...5...6...7...8...9...100...1...2...3...4...5...6...7...8...9...10transfers 852431, max 310
transfer lists:   6.5 megs
0...1...2...3...4...5...6...7...8...9...10	Bounce #1 added RGB(9229, 7766, 5180)
0...1...2...3...4...5...6...7...8...9...10	Bounce #2 added RGB(1384, 1004, 640)
0...1...2...3...4...5...6...7...8...9...10	Bounce #3 added RGB(235, 150, 93)
0...1...2...3...4...5...6...7...8...9...10	Bounce #4 added RGB(40, 24, 14)
0...1...2...3...4...5...6...7...8...9...10	Bounce #5 added RGB(7, 4, 2)
0...1...2...3...4...5...6...7...8...9...10	Bounce #6 added RGB(1, 1, 0)
0...1...2...3...4...5...6...7...8...9...10	Bounce #7 added RGB(0, 0, 0)
Build Patch/Sample Hash Table(s).....Done<0.0014 sec>
0...1...2...3...4...5...6...7...8...9...10FinalLightFace Done
0 of 0 (0% of) surface lights went in leaf ambient cubes.
0...1...2...3...4...5...6...7...8...9...10Writing leaf ambient...done
Computing static prop lighting : 00...1...2...3...4...5...6...7...8...9...10
Ready to Finish

Object names       Objects/Maxobjs  Memory / Maxmem  Fullness 
------------       ---------------  ---------------  -------- 
models                   1/1024           48/49152    ( 0.1%) 
brushes                 53/8192          636/98304    ( 0.6%) 
brushsides             336/65536        2688/524288   ( 0.5%) 
planes                 398/65536        7960/1310720  ( 0.6%) 
vertexes               486/65536        5832/786432   ( 0.7%) 
nodes                  251/65536        8032/2097152  ( 0.4%) 
texinfos                76/12288        5472/884736   ( 0.6%) 
texdata                 23/2048          736/65536    ( 1.1%) 
dispinfos               32/0            5632/0        ( 0.0%) 
disp_verts             800/0           16000/0        ( 0.0%) 
disp_tris             1024/0            2048/0        ( 0.0%) 
disp_lmsamples       32704/0           32704/0        ( 0.0%) 
faces                  291/65536       16296/3670016  ( 0.4%) 
hdr faces              291/65536       16296/3670016  ( 0.4%) 
origfaces              131/65536        7336/3670016  ( 0.2%) 
leaves                 253/65536        8096/2097152  ( 0.4%) 
leaffaces              284/65536         568/131072   ( 0.4%) 
leafbrushes            214/65536         428/131072   ( 0.3%) 
areas                    4/256            32/2048     ( 1.6%) 
surfedges             1754/512000       7016/2048000  ( 0.3%) 
edges                 1124/256000       4496/1024000  ( 0.4%) 
LDR worldlights          0/8192            0/819200   ( 0.0%) 
HDR worldlights          9/8192          900/819200   ( 0.1%) 
leafwaterdata            0/32768           0/393216   ( 0.0%) 
waterstrips              6/32768          60/327680   ( 0.0%) 
waterverts               0/65536           0/786432   ( 0.0%) 
waterindices            84/65536         168/131072   ( 0.1%) 
cubemapsamples           4/1024           64/16384    ( 0.4%) 
overlays                12/512          4224/180224   ( 2.3%) 
LDR lightdata         [variable]           0/0        ( 0.0%) 
HDR lightdata         [variable]      444432/0        ( 0.0%) 
visdata               [variable]         272/16777216 ( 0.0%) 
entdata               [variable]       12166/393216   ( 3.1%) 
LDR ambient table      253/65536        1012/262144   ( 0.4%) 
HDR ambient table      253/65536        1012/262144   ( 0.4%) 
LDR leaf ambient       253/65536        7084/1835008  ( 0.4%) 
HDR leaf ambient       266/65536        7448/1835008  ( 0.4%) 
occluders                0/0               0/0        ( 0.0%) 
occluder polygons        0/0               0/0        ( 0.0%) 
occluder vert ind        0/0               0/0        ( 0.0%) 
Prop Hull Verts          0/0               0/0        ( 0.0%) 
Prop Hull Blob           0/0               0/0        ( 0.0%) 
Prop Hull Lists          0/0               0/0        ( 0.0%) 
Prop Hulls               0/0               0/0        ( 0.0%) 
Prop Hull trilist        0/0               0/0        ( 0.0%) 
detail props          [variable]           1/12       ( 8.3%) 
static props          [variable]           1/3538     ( 0.0%) 
pakfile               [variable]      604711/0        ( 0.0%) 
physics               [variable]       20168/4194304  ( 0.5%) 
physics terrain       [variable]        1586/1048576  ( 0.2%) 

Level flags = 2

Total triangle count: 648
Writing d:\games\steam\steamapps\common\left 4 dead 2\sdk_content\mapsrc\ths_maps\map_cannals_escape01.bsp
5 seconds elapsed



materialPath: D:\Games\Steam\steamapps\common\left 4 dead 2\left4dead2\materials
Loading d:\games\steam\steamapps\common\left 4 dead 2\sdk_content\mapsrc\ths_maps\map_cannals_escape01.vmf
fixing up env_cubemap materials on brush sides...
0...1...2...3...4...5...6...7...8...9...100...1...2...3...4...5...6...7...8...9...10Processing areas...done (0)
Building Faces...done (0)
Chop Details...done (0)
Find Visible Detail Sides...
Merged 26 detail faces...done (0)
Merging details...done (0)
FixTjuncs...
PruneNodes...
WriteBSP...
done (0)
writing d:\games\steam\steamapps\common\left 4 dead 2\sdk_content\mapsrc\ths_maps\map_cannals_escape01.prt...Building visibility clusters...
done (0)
Finding displacement neighbors...
Finding lightmap sample positions...
Displacement Alpha : 0...1...2...3...4...5...6...7...8...9...10
Building Physics collision data...
done (0) (20168 bytes)
Cannot build Physics2 data
                                                             -----------
DataLinker total stream size                                     0.0 KiB
Placing detail props : 0...1...2...3...4...5...6...7...8...9...10
Compacting texture/material tables...
Reduced 279 texinfos to 76
Reduced 26 texdatas to 23 (692 bytes to 619)
Writing d:\games\steam\steamapps\common\left 4 dead 2\sdk_content\mapsrc\ths_maps\map_cannals_escape01.bsp
0 seconds elapsed



12 threads
reading d:\games\steam\steamapps\common\left 4 dead 2\sdk_content\mapsrc\ths_maps\map_cannals_escape01.bsp
max farz in all env_fog_controller entities: 2200.000000 (used for radial vis)
reading d:\games\steam\steamapps\common\left 4 dead 2\sdk_content\mapsrc\ths_maps\map_cannals_escape01.prt
  17 portalclusters
  19 numportals
0...1...2...3...4...5...6...7...8...9...100...1...2...3...4...5...6...7...8...9...10Optimized: 0 visible clusters (0.00%)
Total clusters visible: 139
Average clusters visible: 8
Building PAS...
Average clusters audible: 12
visdatasize:272  compressed from 272
writing d:\games\steam\steamapps\common\left 4 dead 2\sdk_content\mapsrc\ths_maps\map_cannals_escape01.bsp
0 seconds elapsed



[Reading texlights from 'lights.rad']
[2 texlights parsed from 'lights.rad']

Loading d:\games\steam\steamapps\common\left 4 dead 2\sdk_content\mapsrc\ths_maps\map_cannals_escape01.bsp
291 faces
517018 square feet [74450608.00 square inches]
32 Displacements
10988 Square Feet [1582367.38 Square Inches]
291 patches before subdivision
10623 patches after subdivision
10 direct lights
0...1...2...3...4...5...6...7...8...9...100...1...2...3...4...5...6...7...8...9...10transfers 819486, max 307
transfer lists:   6.3 megs
0...1...2...3...4...5...6...7...8...9...10	Bounce #1 added RGB(6380, 4466, 2244)
0...1...2...3...4...5...6...7...8...9...10	Bounce #2 added RGB(858, 465, 207)
0...1...2...3...4...5...6...7...8...9...10	Bounce #3 added RGB(132, 56, 24)
0...1...2...3...4...5...6...7...8...9...10	Bounce #4 added RGB(20, 8, 3)
0...1...2...3...4...5...6...7...8...9...10	Bounce #5 added RGB(3, 1, 0)
0...1...2...3...4...5...6...7...8...9...10	Bounce #6 added RGB(1, 0, 0)
Build Patch/Sample Hash Table(s).....Done<0.0013 sec>
0...1...2...3...4...5...6...7...8...9...10FinalLightFace Done
0 of 0 (0% of) surface lights went in leaf ambient cubes.
0...1...2...3...4...5...6...7...8...9...10Writing leaf ambient...done
Computing static prop lighting : 00...1...2...3...4...5...6...7...8...9...10
Ready to Finish

Object names       Objects/Maxobjs  Memory / Maxmem  Fullness 
------------       ---------------  ---------------  -------- 
models                   1/1024           48/49152    ( 0.1%) 
brushes                 53/8192          636/98304    ( 0.6%) 
brushsides             336/65536        2688/524288   ( 0.5%) 
planes                 398/65536        7960/1310720  ( 0.6%) 
vertexes               486/65536        5832/786432   ( 0.7%) 
nodes                  251/65536        8032/2097152  ( 0.4%) 
texinfos                76/12288        5472/884736   ( 0.6%) 
texdata                 23/2048          736/65536    ( 1.1%) 
dispinfos               32/0            5632/0        ( 0.0%) 
disp_verts             800/0           16000/0        ( 0.0%) 
disp_tris             1024/0            2048/0        ( 0.0%) 
disp_lmsamples       32704/0           32704/0        ( 0.0%) 
faces                  291/65536       16296/3670016  ( 0.4%) 
hdr faces              291/65536       16296/3670016  ( 0.4%) 
origfaces              131/65536        7336/3670016  ( 0.2%) 
leaves                 253/65536        8096/2097152  ( 0.4%) 
leaffaces              284/65536         568/131072   ( 0.4%) 
leafbrushes            214/65536         428/131072   ( 0.3%) 
areas                    4/256            32/2048     ( 1.6%) 
surfedges             1754/512000       7016/2048000  ( 0.3%) 
edges                 1124/256000       4496/1024000  ( 0.4%) 
LDR worldlights          0/8192            0/819200   ( 0.0%) 
HDR worldlights         10/8192         1000/819200   ( 0.1%) 
leafwaterdata            0/32768           0/393216   ( 0.0%) 
waterstrips              6/32768          60/327680   ( 0.0%) 
waterverts               0/65536           0/786432   ( 0.0%) 
waterindices            84/65536         168/131072   ( 0.1%) 
cubemapsamples           4/1024           64/16384    ( 0.4%) 
overlays                12/512          4224/180224   ( 2.3%) 
LDR lightdata         [variable]           0/0        ( 0.0%) 
HDR lightdata         [variable]      468012/0        ( 0.0%) 
visdata               [variable]         272/16777216 ( 0.0%) 
entdata               [variable]       12714/393216   ( 3.2%) 
LDR ambient table      253/65536        1012/262144   ( 0.4%) 
HDR ambient table      253/65536        1012/262144   ( 0.4%) 
LDR leaf ambient       253/65536        7084/1835008  ( 0.4%) 
HDR leaf ambient       257/65536        7196/1835008  ( 0.4%) 
occluders                0/0               0/0        ( 0.0%) 
occluder polygons        0/0               0/0        ( 0.0%) 
occluder vert ind        0/0               0/0        ( 0.0%) 
Prop Hull Verts          0/0               0/0        ( 0.0%) 
Prop Hull Blob           0/0               0/0        ( 0.0%) 
Prop Hull Lists          0/0               0/0        ( 0.0%) 
Prop Hulls               0/0               0/0        ( 0.0%) 
Prop Hull trilist        0/0               0/0        ( 0.0%) 
detail props          [variable]           1/12       ( 8.3%) 
static props          [variable]           1/3742     ( 0.0%) 
pakfile               [variable]      604711/0        ( 0.0%) 
physics               [variable]       20168/4194304  ( 0.5%) 
physics terrain       [variable]        1586/1048576  ( 0.2%) 

Level flags = 2

Total triangle count: 648
Writing d:\games\steam\steamapps\common\left 4 dead 2\sdk_content\mapsrc\ths_maps\map_cannals_escape01.bsp
5 seconds elapsed



materialPath: D:\Games\Steam\steamapps\common\left 4 dead 2\left4dead2\materials
Loading d:\games\steam\steamapps\common\left 4 dead 2\sdk_content\mapsrc\ths_maps\map_cannals_escape01.vmf
fixing up env_cubemap materials on brush sides...
0...1...2...3...4...5...6...7...8...9...100...1...2...3...4...5...6...7...8...9...10Processing areas...done (0)
Building Faces...done (0)
Chop Details...done (0)
Find Visible Detail Sides...
Merged 34 detail faces...done (0)
Merging details...done (0)
FixTjuncs...
PruneNodes...
WriteBSP...
done (0)
writing d:\games\steam\steamapps\common\left 4 dead 2\sdk_content\mapsrc\ths_maps\map_cannals_escape01.prt...Building visibility clusters...
done (0)
Finding displacement neighbors...
Finding lightmap sample positions...
Displacement Alpha : 0...1...2...3...4...5...6...7...8...9...10
Building Physics collision data...
done (0) (22184 bytes)
Cannot build Physics2 data
                                                             -----------
DataLinker total stream size                                     0.0 KiB
Placing detail props : 0...1...2...3...4...5...6...7...8...9...10
Compacting texture/material tables...
Reduced 291 texinfos to 84
Reduced 27 texdatas to 24 (743 bytes to 670)
Writing d:\games\steam\steamapps\common\left 4 dead 2\sdk_content\mapsrc\ths_maps\map_cannals_escape01.bsp
0 seconds elapsed



12 threads
reading d:\games\steam\steamapps\common\left 4 dead 2\sdk_content\mapsrc\ths_maps\map_cannals_escape01.bsp
max farz in all env_fog_controller entities: 2200.000000 (used for radial vis)
reading d:\games\steam\steamapps\common\left 4 dead 2\sdk_content\mapsrc\ths_maps\map_cannals_escape01.prt
  17 portalclusters
  19 numportals
0...1...2...3...4...5...6...7...8...9...100...1...2...3...4...5...6...7...8...9...10Optimized: 0 visible clusters (0.00%)
Total clusters visible: 139
Average clusters visible: 8
Building PAS...
Average clusters audible: 12
visdatasize:272  compressed from 272
writing d:\games\steam\steamapps\common\left 4 dead 2\sdk_content\mapsrc\ths_maps\map_cannals_escape01.bsp
0 seconds elapsed



[Reading texlights from 'lights.rad']
[2 texlights parsed from 'lights.rad']

Loading d:\games\steam\steamapps\common\left 4 dead 2\sdk_content\mapsrc\ths_maps\map_cannals_escape01.bsp
299 faces
517076 square feet [74458944.00 square inches]
32 Displacements
10988 Square Feet [1582367.38 Square Inches]
299 patches before subdivision
10679 patches after subdivision
12 direct lights
0...1...2...3...4...5...6...7...8...9...100...1...2...3...4...5...6...7...8...9...10transfers 838075, max 308
transfer lists:   6.4 megs
0...1...2...3...4...5...6...7...8...9...10	Bounce #1 added RGB(3238, 2593, 1585)
0...1...2...3...4...5...6...7...8...9...10	Bounce #2 added RGB(632, 390, 198)
0...1...2...3...4...5...6...7...8...9...10	Bounce #3 added RGB(80, 43, 23)
0...1...2...3...4...5...6...7...8...9...10	Bounce #4 added RGB(14, 7, 3)
0...1...2...3...4...5...6...7...8...9...10	Bounce #5 added RGB(2, 1, 0)
0...1...2...3...4...5...6...7...8...9...10	Bounce #6 added RGB(0, 0, 0)
Build Patch/Sample Hash Table(s).....Done<0.0014 sec>
0...1...2...3...4...5...6...7...8...9...10FinalLightFace Done
0 of 0 (0% of) surface lights went in leaf ambient cubes.
0...1...2...3...4...5...6...7...8...9...10Writing leaf ambient...done
Computing static prop lighting : 00...1...2...3...4...5...6...7...8...9...10
Ready to Finish

Object names       Objects/Maxobjs  Memory / Maxmem  Fullness 
------------       ---------------  ---------------  -------- 
models                   1/1024           48/49152    ( 0.1%) 
brushes                 61/8192          732/98304    ( 0.7%) 
brushsides             392/65536        3136/524288   ( 0.6%) 
planes                 418/65536        8360/1310720  ( 0.6%) 
vertexes               510/65536        6120/786432   ( 0.8%) 
nodes                  251/65536        8032/2097152  ( 0.4%) 
texinfos                84/12288        6048/884736   ( 0.7%) 
texdata                 24/2048          768/65536    ( 1.2%) 
dispinfos               32/0            5632/0        ( 0.0%) 
disp_verts             800/0           16000/0        ( 0.0%) 
disp_tris             1024/0            2048/0        ( 0.0%) 
disp_lmsamples       32704/0           32704/0        ( 0.0%) 
faces                  299/65536       16744/3670016  ( 0.5%) 
hdr faces              299/65536       16744/3670016  ( 0.5%) 
origfaces              139/65536        7784/3670016  ( 0.2%) 
leaves                 253/65536        8096/2097152  ( 0.4%) 
leaffaces              292/65536         584/131072   ( 0.4%) 
leafbrushes            222/65536         444/131072   ( 0.3%) 
areas                    4/256            32/2048     ( 1.6%) 
surfedges             1866/512000       7464/2048000  ( 0.4%) 
edges                 1204/256000       4816/1024000  ( 0.5%) 
LDR worldlights          0/8192            0/819200   ( 0.0%) 
HDR worldlights         12/8192         1200/819200   ( 0.1%) 
leafwaterdata            0/32768           0/393216   ( 0.0%) 
waterstrips             23/32768         230/327680   ( 0.1%) 
waterverts               0/65536           0/786432   ( 0.0%) 
waterindices           324/65536         648/131072   ( 0.5%) 
cubemapsamples           4/1024           64/16384    ( 0.4%) 
overlays                12/512          4224/180224   ( 2.3%) 
LDR lightdata         [variable]           0/0        ( 0.0%) 
HDR lightdata         [variable]      469500/0        ( 0.0%) 
visdata               [variable]         272/16777216 ( 0.0%) 
entdata               [variable]       13268/393216   ( 3.4%) 
LDR ambient table      253/65536        1012/262144   ( 0.4%) 
HDR ambient table      253/65536        1012/262144   ( 0.4%) 
LDR leaf ambient       253/65536        7084/1835008  ( 0.4%) 
HDR leaf ambient       250/65536        7000/1835008  ( 0.4%) 
occluders                0/0               0/0        ( 0.0%) 
occluder polygons        0/0               0/0        ( 0.0%) 
occluder vert ind        0/0               0/0        ( 0.0%) 
Prop Hull Verts          0/0               0/0        ( 0.0%) 
Prop Hull Blob           0/0               0/0        ( 0.0%) 
Prop Hull Lists          0/0               0/0        ( 0.0%) 
Prop Hulls               0/0               0/0        ( 0.0%) 
Prop Hull trilist        0/0               0/0        ( 0.0%) 
detail props          [variable]           1/12       ( 8.3%) 
static props          [variable]           1/3950     ( 0.0%) 
pakfile               [variable]      607197/0        ( 0.0%) 
physics               [variable]       22184/4194304  ( 0.5%) 
physics terrain       [variable]        1586/1048576  ( 0.2%) 

Level flags = 2

Total triangle count: 712
Writing d:\games\steam\steamapps\common\left 4 dead 2\sdk_content\mapsrc\ths_maps\map_cannals_escape01.bsp
6 seconds elapsed



materialPath: D:\Games\Steam\steamapps\common\left 4 dead 2\left4dead2\materials
Loading d:\games\steam\steamapps\common\left 4 dead 2\sdk_content\mapsrc\ths_maps\map_cannals_escape01.vmf
fixing up env_cubemap materials on brush sides...
0...1...2...3...4...5...6...7...8...9...100...1...2...3...4...5...6...7...8...9...10Processing areas...done (0)
Building Faces...done (0)
Chop Details...done (0)
Find Visible Detail Sides...
Merged 34 detail faces...done (0)
Merging details...done (0)
FixTjuncs...
PruneNodes...
WriteBSP...
done (0)
writing d:\games\steam\steamapps\common\left 4 dead 2\sdk_content\mapsrc\ths_maps\map_cannals_escape01.prt...Building visibility clusters...
done (0)
Finding displacement neighbors...
Finding lightmap sample positions...
Displacement Alpha : 0...1...2...3...4...5...6...7...8...9...10
Building Physics collision data...
done (0) (22184 bytes)
Cannot build Physics2 data
                                                             -----------
DataLinker total stream size                                     0.0 KiB
Placing detail props : 0...1...2...3...4...5...6...7...8...9...10
Compacting texture/material tables...
Reduced 291 texinfos to 84
Reduced 27 texdatas to 24 (743 bytes to 670)
Writing d:\games\steam\steamapps\common\left 4 dead 2\sdk_content\mapsrc\ths_maps\map_cannals_escape01.bsp
0 seconds elapsed



12 threads
reading d:\games\steam\steamapps\common\left 4 dead 2\sdk_content\mapsrc\ths_maps\map_cannals_escape01.bsp
max farz in all env_fog_controller entities: 2200.000000 (used for radial vis)
reading d:\games\steam\steamapps\common\left 4 dead 2\sdk_content\mapsrc\ths_maps\map_cannals_escape01.prt
  17 portalclusters
  19 numportals
0...1...2...3...4...5...6...7...8...9...100...1...2...3...4...5...6...7...8...9...10Optimized: 0 visible clusters (0.00%)
Total clusters visible: 139
Average clusters visible: 8
Building PAS...
Average clusters audible: 12
visdatasize:272  compressed from 272
writing d:\games\steam\steamapps\common\left 4 dead 2\sdk_content\mapsrc\ths_maps\map_cannals_escape01.bsp
0 seconds elapsed



[Reading texlights from 'lights.rad']
[2 texlights parsed from 'lights.rad']

Loading d:\games\steam\steamapps\common\left 4 dead 2\sdk_content\mapsrc\ths_maps\map_cannals_escape01.bsp
299 faces
517076 square feet [74458944.00 square inches]
32 Displacements
10988 Square Feet [1582367.38 Square Inches]
299 patches before subdivision
10679 patches after subdivision
12 direct lights
0...1...2...3...4...5...6...7...8...9...100...1...2...3...4...5...6...7...8...9...10transfers 838075, max 308
transfer lists:   6.4 megs
0...1...2...3...4...5...6...7...8...9...10	Bounce #1 added RGB(2212, 1538, 720)
0...1...2...3...4...5...6...7...8...9...10	Bounce #2 added RGB(470, 241, 84)
0...1...2...3...4...5...6...7...8...9...10	Bounce #3 added RGB(50, 19, 6)
0...1...2...3...4...5...6...7...8...9...10	Bounce #4 added RGB(9, 3, 1)
0...1...2...3...4...5...6...7...8...9...10	Bounce #5 added RGB(1, 0, 0)
0...1...2...3...4...5...6...7...8...9...10	Bounce #6 added RGB(0, 0, 0)
Build Patch/Sample Hash Table(s).....Done<0.0014 sec>
0...1...2...3...4...5...6...7...8...9...10FinalLightFace Done
0 of 0 (0% of) surface lights went in leaf ambient cubes.
0...1...2...3...4...5...6...7...8...9...10Writing leaf ambient...done
Computing static prop lighting : 00...1...2...3...4...5...6...7...8...9...10
Ready to Finish

Object names       Objects/Maxobjs  Memory / Maxmem  Fullness 
------------       ---------------  ---------------  -------- 
models                   1/1024           48/49152    ( 0.1%) 
brushes                 61/8192          732/98304    ( 0.7%) 
brushsides             392/65536        3136/524288   ( 0.6%) 
planes                 418/65536        8360/1310720  ( 0.6%) 
vertexes               510/65536        6120/786432   ( 0.8%) 
nodes                  251/65536        8032/2097152  ( 0.4%) 
texinfos                84/12288        6048/884736   ( 0.7%) 
texdata                 24/2048          768/65536    ( 1.2%) 
dispinfos               32/0            5632/0        ( 0.0%) 
disp_verts             800/0           16000/0        ( 0.0%) 
disp_tris             1024/0            2048/0        ( 0.0%) 
disp_lmsamples       32704/0           32704/0        ( 0.0%) 
faces                  299/65536       16744/3670016  ( 0.5%) 
hdr faces              299/65536       16744/3670016  ( 0.5%) 
origfaces              139/65536        7784/3670016  ( 0.2%) 
leaves                 253/65536        8096/2097152  ( 0.4%) 
leaffaces              292/65536         584/131072   ( 0.4%) 
leafbrushes            222/65536         444/131072   ( 0.3%) 
areas                    4/256            32/2048     ( 1.6%) 
surfedges             1866/512000       7464/2048000  ( 0.4%) 
edges                 1204/256000       4816/1024000  ( 0.5%) 
LDR worldlights          0/8192            0/819200   ( 0.0%) 
HDR worldlights         12/8192         1200/819200   ( 0.1%) 
leafwaterdata            0/32768           0/393216   ( 0.0%) 
waterstrips             23/32768         230/327680   ( 0.1%) 
waterverts               0/65536           0/786432   ( 0.0%) 
waterindices           324/65536         648/131072   ( 0.5%) 
cubemapsamples           4/1024           64/16384    ( 0.4%) 
overlays                12/512          4224/180224   ( 2.3%) 
LDR lightdata         [variable]           0/0        ( 0.0%) 
HDR lightdata         [variable]      469500/0        ( 0.0%) 
visdata               [variable]         272/16777216 ( 0.0%) 
entdata               [variable]       13267/393216   ( 3.4%) 
LDR ambient table      253/65536        1012/262144   ( 0.4%) 
HDR ambient table      253/65536        1012/262144   ( 0.4%) 
LDR leaf ambient       253/65536        7084/1835008  ( 0.4%) 
HDR leaf ambient       212/65536        5936/1835008  ( 0.3%) 
occluders                0/0               0/0        ( 0.0%) 
occluder polygons        0/0               0/0        ( 0.0%) 
occluder vert ind        0/0               0/0        ( 0.0%) 
Prop Hull Verts          0/0               0/0        ( 0.0%) 
Prop Hull Blob           0/0               0/0        ( 0.0%) 
Prop Hull Lists          0/0               0/0        ( 0.0%) 
Prop Hulls               0/0               0/0        ( 0.0%) 
Prop Hull trilist        0/0               0/0        ( 0.0%) 
detail props          [variable]           1/12       ( 8.3%) 
static props          [variable]           1/3950     ( 0.0%) 
pakfile               [variable]      607197/0        ( 0.0%) 
physics               [variable]       22184/4194304  ( 0.5%) 
physics terrain       [variable]        1586/1048576  ( 0.2%) 

Level flags = 2

Total triangle count: 712
Writing d:\games\steam\steamapps\common\left 4 dead 2\sdk_content\mapsrc\ths_maps\map_cannals_escape01.bsp
6 seconds elapsed



materialPath: D:\Games\Steam\steamapps\common\left 4 dead 2\left4dead2\materials
Loading d:\games\steam\steamapps\common\left 4 dead 2\sdk_content\mapsrc\ths_maps\map_cannals_escape01.vmf
fixing up env_cubemap materials on brush sides...
0...1...2...3...4...5...6...7...8...9...100...1...2...3...4...5...6...7...8...9...10Processing areas...done (0)
Building Faces...done (0)
Chop Details...done (0)
Find Visible Detail Sides...
Merged 34 detail faces...done (0)
Merging details...done (0)
FixTjuncs...
PruneNodes...
WriteBSP...
done (0)
writing d:\games\steam\steamapps\common\left 4 dead 2\sdk_content\mapsrc\ths_maps\map_cannals_escape01.prt...Building visibility clusters...
done (0)
Finding displacement neighbors...
Finding lightmap sample positions...
Displacement Alpha : 0...1...2...3...4...5...6...7...8...9...10
Building Physics collision data...
done (0) (27357 bytes)
Cannot build Physics2 data
                                                             -----------
DataLinker total stream size                                     0.0 KiB
Placing detail props : 0...1...2...3...4...5...6...7...8...9...10
Compacting texture/material tables...
Reduced 330 texinfos to 92
Reduced 31 texdatas to 27 (875 bytes to 728)
Writing d:\games\steam\steamapps\common\left 4 dead 2\sdk_content\mapsrc\ths_maps\map_cannals_escape01.bsp
0 seconds elapsed



12 threads
reading d:\games\steam\steamapps\common\left 4 dead 2\sdk_content\mapsrc\ths_maps\map_cannals_escape01.bsp
max farz in all env_fog_controller entities: 2200.000000 (used for radial vis)
reading d:\games\steam\steamapps\common\left 4 dead 2\sdk_content\mapsrc\ths_maps\map_cannals_escape01.prt
  17 portalclusters
  19 numportals
0...1...2...3...4...5...6...7...8...9...100...1...2...3...4...5...6...7...8...9...10Optimized: 0 visible clusters (0.00%)
Total clusters visible: 139
Average clusters visible: 8
Building PAS...
Average clusters audible: 12
visdatasize:272  compressed from 272
writing d:\games\steam\steamapps\common\left 4 dead 2\sdk_content\mapsrc\ths_maps\map_cannals_escape01.bsp
0 seconds elapsed



[Reading texlights from 'lights.rad']
[2 texlights parsed from 'lights.rad']

Loading d:\games\steam\steamapps\common\left 4 dead 2\sdk_content\mapsrc\ths_maps\map_cannals_escape01.bsp
319 faces
517153 square feet [74470080.00 square inches]
32 Displacements
10988 Square Feet [1582367.38 Square Inches]
319 patches before subdivision
10699 patches after subdivision
13 direct lights
0...1...2...3...4...5...6...7...8...9...100...1...2...3...4...5...6...7...8...9...10transfers 825932, max 308
transfer lists:   6.3 megs
0...1...2...3...4...5...6...7...8...9...10	Bounce #1 added RGB(1591, 1120, 525)
0...1...2...3...4...5...6...7...8...9...10	Bounce #2 added RGB(327, 164, 53)
0...1...2...3...4...5...6...7...8...9...10	Bounce #3 added RGB(34, 12, 3)
0...1...2...3...4...5...6...7...8...9...10	Bounce #4 added RGB(6, 1, 0)
0...1...2...3...4...5...6...7...8...9...10	Bounce #5 added RGB(1, 0, 0)
Build Patch/Sample Hash Table(s).....Done<0.0014 sec>
0...1...2...3...4...5...6...7...8...9...10FinalLightFace Done
0 of 0 (0% of) surface lights went in leaf ambient cubes.
0...1...2...3...4...5...6...7...8...9...10Writing leaf ambient...done
Computing static prop lighting : 00...1...2...3...4...5...6...7...8...9...10
Ready to Finish

Object names       Objects/Maxobjs  Memory / Maxmem  Fullness 
------------       ---------------  ---------------  -------- 
models                   3/1024          144/49152    ( 0.3%) 
brushes                 69/8192          828/98304    ( 0.8%) 
brushsides             484/65536        3872/524288   ( 0.7%) 
planes                 588/65536       11760/1310720  ( 0.9%) 
vertexes               574/65536        6888/786432   ( 0.9%) 
nodes                  287/65536        9184/2097152  ( 0.4%) 
texinfos                92/12288        6624/884736   ( 0.7%) 
texdata                 27/2048          864/65536    ( 1.3%) 
dispinfos               32/0            5632/0        ( 0.0%) 
disp_verts             800/0           16000/0        ( 0.0%) 
disp_tris             1024/0            2048/0        ( 0.0%) 
disp_lmsamples       32704/0           32704/0        ( 0.0%) 
faces                  319/65536       17864/3670016  ( 0.5%) 
hdr faces              319/65536       17864/3670016  ( 0.5%) 
origfaces              151/65536        8456/3670016  ( 0.2%) 
leaves                 291/65536        9312/2097152  ( 0.4%) 
leaffaces              312/65536         624/131072   ( 0.5%) 
leafbrushes            235/65536         470/131072   ( 0.4%) 
areas                    4/256            32/2048     ( 1.6%) 
surfedges             1994/512000       7976/2048000  ( 0.4%) 
edges                 1324/256000       5296/1024000  ( 0.5%) 
LDR worldlights          0/8192            0/819200   ( 0.0%) 
HDR worldlights         13/8192         1300/819200   ( 0.2%) 
leafwaterdata            0/32768           0/393216   ( 0.0%) 
waterstrips             23/32768         230/327680   ( 0.1%) 
waterverts               0/65536           0/786432   ( 0.0%) 
waterindices           324/65536         648/131072   ( 0.5%) 
cubemapsamples           4/1024           64/16384    ( 0.4%) 
overlays                13/512          4576/180224   ( 2.5%) 
LDR lightdata         [variable]           0/0        ( 0.0%) 
HDR lightdata         [variable]      469500/0        ( 0.0%) 
visdata               [variable]         272/16777216 ( 0.0%) 
entdata               [variable]       16266/393216   ( 4.1%) 
LDR ambient table      291/65536        1164/262144   ( 0.4%) 
HDR ambient table      291/65536        1164/262144   ( 0.4%) 
LDR leaf ambient       291/65536        8148/1835008  ( 0.4%) 
HDR leaf ambient       226/65536        6328/1835008  ( 0.3%) 
occluders                0/0               0/0        ( 0.0%) 
occluder polygons        0/0               0/0        ( 0.0%) 
occluder vert ind        0/0               0/0        ( 0.0%) 
Prop Hull Verts          0/0               0/0        ( 0.0%) 
Prop Hull Blob           0/0               0/0        ( 0.0%) 
Prop Hull Lists          0/0               0/0        ( 0.0%) 
Prop Hulls               0/0               0/0        ( 0.0%) 
Prop Hull trilist        0/0               0/0        ( 0.0%) 
detail props          [variable]           1/12       ( 8.3%) 
static props          [variable]           1/4228     ( 0.0%) 
pakfile               [variable]      607602/0        ( 0.0%) 
physics               [variable]       27357/4194304  ( 0.7%) 
physics terrain       [variable]        1586/1048576  ( 0.2%) 

Level flags = 2

Total triangle count: 752
Writing d:\games\steam\steamapps\common\left 4 dead 2\sdk_content\mapsrc\ths_maps\map_cannals_escape01.bsp
6 seconds elapsed



materialPath: D:\Games\Steam\steamapps\common\left 4 dead 2\left4dead2\materials
Loading d:\games\steam\steamapps\common\left 4 dead 2\sdk_content\mapsrc\ths_maps\map_cannals_escape01.vmf
fixing up env_cubemap materials on brush sides...
0...1...2...3...4...5...6...7...8...9...100...1...2...3...4...5...6...7...8...9...10Processing areas...done (0)
Building Faces...done (0)
Chop Details...done (0)
Find Visible Detail Sides...
Merged 34 detail faces...done (0)
Merging details...done (0)
FixTjuncs...
PruneNodes...
WriteBSP...
done (0)
writing d:\games\steam\steamapps\common\left 4 dead 2\sdk_content\mapsrc\ths_maps\map_cannals_escape01.prt...Building visibility clusters...
done (0)
Finding displacement neighbors...
Finding lightmap sample positions...
Displacement Alpha : 0...1...2...3...4...5...6...7...8...9...10
Building Physics collision data...
done (0) (27357 bytes)
Cannot build Physics2 data
                                                             -----------
DataLinker total stream size                                     0.0 KiB
Placing detail props : 0...1...2...3...4...5...6...7...8...9...10
Compacting texture/material tables...
Reduced 330 texinfos to 92
Reduced 31 texdatas to 27 (875 bytes to 728)
Writing d:\games\steam\steamapps\common\left 4 dead 2\sdk_content\mapsrc\ths_maps\map_cannals_escape01.bsp
0 seconds elapsed



12 threads
reading d:\games\steam\steamapps\common\left 4 dead 2\sdk_content\mapsrc\ths_maps\map_cannals_escape01.bsp
max farz in all env_fog_controller entities: 2200.000000 (used for radial vis)
reading d:\games\steam\steamapps\common\left 4 dead 2\sdk_content\mapsrc\ths_maps\map_cannals_escape01.prt
  17 portalclusters
  19 numportals
0...1...2...3...4...5...6...7...8...9...100...1...2...3...4...5...6...7...8...9...10Optimized: 0 visible clusters (0.00%)
Total clusters visible: 139
Average clusters visible: 8
Building PAS...
Average clusters audible: 12
visdatasize:272  compressed from 272
writing d:\games\steam\steamapps\common\left 4 dead 2\sdk_content\mapsrc\ths_maps\map_cannals_escape01.bsp
0 seconds elapsed



[Reading texlights from 'lights.rad']
[2 texlights parsed from 'lights.rad']

Loading d:\games\steam\steamapps\common\left 4 dead 2\sdk_content\mapsrc\ths_maps\map_cannals_escape01.bsp
319 faces
517153 square feet [74470080.00 square inches]
32 Displacements
10988 Square Feet [1582367.38 Square Inches]
319 patches before subdivision
10699 patches after subdivision
13 direct lights
0...1...2...3...4...5...6...7...8...9...100...1...2...3...4...5...6...7...8...9...10transfers 824765, max 308
transfer lists:   6.3 megs
0...1...2...3...4...5...6...7...8...9...10	Bounce #1 added RGB(1585, 1116, 523)
0...1...2...3...4...5...6...7...8...9...10	Bounce #2 added RGB(325, 163, 52)
0...1...2...3...4...5...6...7...8...9...10	Bounce #3 added RGB(34, 12, 3)
0...1...2...3...4...5...6...7...8...9...10	Bounce #4 added RGB(6, 1, 0)
0...1...2...3...4...5...6...7...8...9...10	Bounce #5 added RGB(1, 0, 0)
Build Patch/Sample Hash Table(s).....Done<0.0013 sec>
0...1...2...3...4...5...6...7...8...9...10FinalLightFace Done
0 of 0 (0% of) surface lights went in leaf ambient cubes.
0...1...2...3...4...5...6...7...8...9...10Writing leaf ambient...done
Computing static prop lighting : 00...1...2...3...4...5...6...7...8...9...10
Ready to Finish

Object names       Objects/Maxobjs  Memory / Maxmem  Fullness 
------------       ---------------  ---------------  -------- 
models                   3/1024          144/49152    ( 0.3%) 
brushes                 69/8192          828/98304    ( 0.8%) 
brushsides             484/65536        3872/524288   ( 0.7%) 
planes                 588/65536       11760/1310720  ( 0.9%) 
vertexes               574/65536        6888/786432   ( 0.9%) 
nodes                  287/65536        9184/2097152  ( 0.4%) 
texinfos                92/12288        6624/884736   ( 0.7%) 
texdata                 27/2048          864/65536    ( 1.3%) 
dispinfos               32/0            5632/0        ( 0.0%) 
disp_verts             800/0           16000/0        ( 0.0%) 
disp_tris             1024/0            2048/0        ( 0.0%) 
disp_lmsamples       32704/0           32704/0        ( 0.0%) 
faces                  319/65536       17864/3670016  ( 0.5%) 
hdr faces              319/65536       17864/3670016  ( 0.5%) 
origfaces              151/65536        8456/3670016  ( 0.2%) 
leaves                 291/65536        9312/2097152  ( 0.4%) 
leaffaces              312/65536         624/131072   ( 0.5%) 
leafbrushes            235/65536         470/131072   ( 0.4%) 
areas                    4/256            32/2048     ( 1.6%) 
surfedges             1994/512000       7976/2048000  ( 0.4%) 
edges                 1324/256000       5296/1024000  ( 0.5%) 
LDR worldlights          0/8192            0/819200   ( 0.0%) 
HDR worldlights         13/8192         1300/819200   ( 0.2%) 
leafwaterdata            0/32768           0/393216   ( 0.0%) 
waterstrips             23/32768         230/327680   ( 0.1%) 
waterverts               0/65536           0/786432   ( 0.0%) 
waterindices           324/65536         648/131072   ( 0.5%) 
cubemapsamples           4/1024           64/16384    ( 0.4%) 
overlays                13/512          4576/180224   ( 2.5%) 
LDR lightdata         [variable]           0/0        ( 0.0%) 
HDR lightdata         [variable]      469500/0        ( 0.0%) 
visdata               [variable]         272/16777216 ( 0.0%) 
entdata               [variable]       19983/393216   ( 5.1%) 
LDR ambient table      291/65536        1164/262144   ( 0.4%) 
HDR ambient table      291/65536        1164/262144   ( 0.4%) 
LDR leaf ambient       291/65536        8148/1835008  ( 0.4%) 
HDR leaf ambient       226/65536        6328/1835008  ( 0.3%) 
occluders                0/0               0/0        ( 0.0%) 
occluder polygons        0/0               0/0        ( 0.0%) 
occluder vert ind        0/0               0/0        ( 0.0%) 
Prop Hull Verts          0/0               0/0        ( 0.0%) 
Prop Hull Blob           0/0               0/0        ( 0.0%) 
Prop Hull Lists          0/0               0/0        ( 0.0%) 
Prop Hulls               0/0               0/0        ( 0.0%) 
Prop Hull trilist        0/0               0/0        ( 0.0%) 
detail props          [variable]           1/12       ( 8.3%) 
static props          [variable]           1/4632     ( 0.0%) 
pakfile               [variable]      622654/0        ( 0.0%) 
physics               [variable]       27357/4194304  ( 0.7%) 
physics terrain       [variable]        1586/1048576  ( 0.2%) 

Level flags = 2

Total triangle count: 752
Writing d:\games\steam\steamapps\common\left 4 dead 2\sdk_content\mapsrc\ths_maps\map_cannals_escape01.bsp
6 seconds elapsed
