PRT1
17
19
4 1 11 (0 0 320 ) (0 0 136 ) (240 0 136 ) (240 0 320 ) 
4 1 3 (0 0 136 ) (0 0 320 ) (0 240 320 ) (0 240 136 ) 
4 2 12 (240 0 128 ) (0 0 128 ) (0 0 0 ) (240 0 0 ) 
4 2 5 (0 0 0 ) (0 0 128 ) (0 240 128 ) (0 240 0 ) 
4 3 13 (-304 0 136 ) (0 0 136 ) (0 0 320 ) (-304 0 320 ) 
4 3 4 (-40 192 136 ) (-40 64 136 ) (-240 64 136 ) (-240 192 136 ) 
4 4 8 (-40 192 128 ) (-40 64 128 ) (-240 64 128 ) (-240 192 128 ) 
4 5 15 (-40 0 0 ) (0 0 0 ) (0 0 128 ) (-40 0 128 ) 
4 5 9 (-40 60 0 ) (-40 56 0 ) (-40 56 128 ) (-40 60 128 ) 
4 5 10 (-40 56 0 ) (-40 0 0 ) (-40 0 128 ) (-40 56 128 ) 
4 5 7 (-40 200 0 ) (-40 196 0 ) (-40 196 128 ) (-40 200 128 ) 
4 5 6 (-40 240 128 ) (-40 240 0 ) (-40 200 0 ) (-40 200 128 ) 
4 5 8 (-40 192 0 ) (-40 64 0 ) (-40 64 128 ) (-40 192 128 ) 
4 6 7 (-44 200 0 ) (-40 200 0 ) (-40 200 128 ) (-44 200 128 ) 
4 9 10 (-44 56 0 ) (-40 56 0 ) (-40 56 128 ) (-44 56 128 ) 
4 10 15 (-240 0 0 ) (-40 0 0 ) (-40 0 128 ) (-240 0 128 ) 
4 11 13 (0 0 320 ) (0 0 136 ) (0 -240 136 ) (0 -240 320 ) 
4 12 15 (0 0 128 ) (0 0 0 ) (0 -240 0 ) (0 -240 128 ) 
4 13 14 (-304 -96 136 ) (-304 -162 136 ) (-304 -162 245 ) (-304 -96 245 ) 
